# This file contains the data of final population
# of objectives = 2, # of constraints = 2, # of real_var = 16, # of bits of bin_var = 0, constr_violation, rank, crowding_distance
4.355843e-01	5.504999e-01	5.194852e-01	1.869051e-01	3.273080e-01	2.507924e-01	9.257687e-02	-1.247349e-02	1.531994e-01	1.306030e-01	-4.303031e-02	2.927834e-01	9.172311e-02	3.771301e-01	-2.403242e-01	2.821101e-01	1.415002e-02	1.476849e-01	-2.391627e-01	-1.959235e-02	0.000000e+00	1	4.809607e-03
1.222140e+00	3.213281e-01	1.326305e-01	2.922927e-02	8.262699e-01	2.010607e-01	-2.772540e-01	-2.403236e-01	-2.165076e-01	-8.089822e-01	-7.232856e-02	-8.776708e-01	2.516467e-01	-7.572663e-01	5.209852e-02	-5.254310e-01	4.133676e-01	-3.483641e-01	2.801259e-01	-1.756896e-01	0.000000e+00	1	1.849310e-01
1.485111e+00	3.055345e-01	3.278706e-02	4.171904e-02	8.257420e-01	1.078560e-01	-1.045295e+00	-2.227357e-01	-4.214422e-03	-6.038427e-01	-9.659548e-02	-8.796193e-01	1.047551e-01	-7.769641e-01	9.332606e-02	-3.875005e-01	3.310491e-01	-1.990720e-01	1.051555e+00	-3.425950e-01	0.000000e+00	1	6.479857e-02
3.501162e-01	8.142880e-01	5.194852e-01	1.869051e-01	3.273080e-01	2.507924e-01	2.078131e-01	-1.247349e-02	1.531994e-01	1.306030e-01	-4.303031e-02	2.927834e-01	-8.455328e-02	3.771301e-01	-1.204815e-01	2.821101e-01	-1.472547e-01	-2.849242e-01	-2.391627e-01	3.410965e-01	0.000000e+00	1	1.063533e-01
3.320679e-01	9.332814e-01	2.968485e-01	3.261078e-01	1.940544e-01	-3.221800e-01	1.342840e-01	-2.460824e-01	-1.271322e-02	-3.274201e-02	6.901122e-02	-1.454752e-01	-1.601151e-01	-3.222689e-01	2.619470e-01	-4.394179e-01	1.031026e-01	7.347134e-02	4.888157e-02	1.590331e-01	0.000000e+00	1	6.910587e-02
4.409262e+00	1.567244e-01	1.861939e-02	8.271504e-02	8.508745e-01	-2.031863e-01	-3.369391e-02	-3.805504e-01	3.188448e-03	-6.033140e-01	1.399858e+00	-5.850931e-01	3.982963e-04	-5.450916e-01	-1.114189e-01	-3.465772e-01	-2.496349e-01	3.360012e-02	1.235712e-01	2.595492e-01	0.000000e+00	1	1.000000e+14
4.461220e-01	5.480904e-01	5.194852e-01	5.307994e-01	3.273080e-01	2.507924e-01	9.257687e-02	3.314208e-01	1.529704e-01	1.306030e-01	-4.303031e-02	2.927834e-01	9.172311e-02	3.771301e-01	-4.962537e-02	2.821101e-01	1.415002e-02	1.476849e-01	-3.915408e-01	-1.959235e-02	0.000000e+00	1	1.559718e-02
1.754979e+00	1.604731e-01	3.402168e-02	2.479616e-02	8.257048e-01	1.095592e-01	-3.303884e-01	-2.392978e-01	-2.250909e-02	-4.643304e-01	-6.637634e-02	-7.288950e-01	-5.699297e-02	-6.495922e-01	4.800370e-01	-5.287270e-01	-6.933849e-02	-4.365080e-01	7.643391e-02	-2.118259e-02	0.000000e+00	1	2.583438e-01
3.717141e+00	1.589723e-01	1.678432e-02	4.570788e-02	8.508745e-01	-2.050213e-01	2.832362e-02	-4.175576e-01	-8.369425e-02	-7.633627e-01	2.348084e-01	-7.578443e-01	1.367700e-02	-6.457710e-01	-5.852729e-02	-3.180183e-01	-4.303035e-02	-4.005494e-02	-6.229444e-01	2.143123e-01	0.000000e+00	1	7.944403e-02
1.199763e-02	1.665328e+00	1.086659e+00	5.109063e-01	1.305219e-03	3.813604e-01	-1.883468e-02	1.215221e-02	-7.191678e-02	2.788091e-01	1.876011e-02	3.185156e-03	2.402013e-02	-1.365358e-01	1.735959e-03	-4.019890e-01	-1.520087e-02	-5.120090e-01	-6.354538e-02	-4.338947e-02	0.000000e+00	1	1.000000e+14
2.983094e-02	1.376239e+00	6.007962e-01	7.963267e-01	5.494668e-03	-9.838693e-02	-4.901496e-02	3.018035e-01	6.722922e-02	1.078553e-01	2.591825e-02	4.830374e-02	2.562673e-02	-2.373101e-01	-7.418503e-02	-4.431143e-01	-7.046742e-02	-1.339899e-01	-8.462082e-02	1.067282e-02	0.000000e+00	1	7.237813e-02
3.566897e-02	1.208846e+00	6.349501e-01	2.022299e-01	2.254590e-02	-3.503770e-02	-7.198393e-03	-2.723812e-01	-4.435837e-02	-5.356346e-02	1.720515e-02	2.606451e-02	3.110803e-02	3.495070e-01	5.408356e-02	1.945599e-01	-7.501875e-02	1.139312e-01	6.110243e-04	-6.430227e-03	0.000000e+00	1	6.643324e-02
1.562962e-01	9.562993e-01	6.129300e-01	4.334085e-01	9.611286e-02	7.068766e-02	-2.022201e-01	1.035414e-02	-2.940366e-02	5.195571e-02	-2.358541e-01	5.611694e-02	-1.022016e-01	4.659504e-02	-1.256702e-01	-3.483928e-01	1.671132e-02	-2.741549e-01	-5.607300e-02	-1.342350e-01	0.000000e+00	1	6.703483e-02
7.001306e-02	1.146663e+00	9.918312e-01	4.710855e-01	3.947192e-02	3.553862e-01	1.833697e-02	1.761258e-02	1.144652e-01	1.044000e-01	-4.435634e-02	1.091742e-01	-1.062752e-01	1.922636e-01	-2.516933e-02	2.559084e-01	5.852767e-02	5.926571e-02	1.263257e-03	2.706482e-02	0.000000e+00	1	3.698441e-02
4.778930e-01	5.179552e-01	3.595116e-01	3.310374e-01	3.346110e-01	1.361425e-01	-3.891105e-02	1.659852e-01	1.907561e-01	7.119004e-02	1.909117e-02	4.314036e-01	-5.853147e-02	3.061030e-01	-1.573138e-01	2.671633e-01	-1.810364e-01	7.189704e-02	4.212227e-03	5.521807e-02	0.000000e+00	1	1.633951e-01
4.355843e-01	5.504999e-01	5.194852e-01	1.869051e-01	3.273080e-01	2.507924e-01	9.257687e-02	-1.247349e-02	1.531994e-01	1.306030e-01	-4.303031e-02	2.927834e-01	9.172311e-02	3.771301e-01	-2.403242e-01	2.821101e-01	1.415002e-02	1.476849e-01	-2.391627e-01	-1.959235e-02	0.000000e+00	1	1.198208e-03
9.588839e-02	1.086869e+00	9.855683e-01	4.775193e-01	4.460086e-02	3.596254e-01	-1.759404e-01	3.009441e-02	-2.168046e-02	4.905106e-02	-1.081118e-01	1.251361e-01	-1.124550e-01	2.221901e-01	-1.758012e-02	1.067947e-01	-8.955240e-02	-1.673986e-02	-5.759510e-02	-6.060734e-02	0.000000e+00	1	3.348412e-02
4.355843e-01	5.504999e-01	5.194852e-01	1.869051e-01	3.273080e-01	2.507924e-01	9.257687e-02	-1.247349e-02	1.531994e-01	1.306030e-01	-4.303031e-02	2.927834e-01	9.172311e-02	3.771301e-01	-2.403242e-01	2.821101e-01	1.415002e-02	1.476849e-01	-2.391627e-01	-1.959235e-02	0.000000e+00	1	1.121957e-02
3.641184e-01	5.873492e-01	3.518540e-01	1.846731e-01	3.273080e-01	8.316119e-02	1.595368e-01	-1.470551e-02	1.433304e-01	1.306030e-01	-4.303031e-02	3.250509e-01	9.172311e-02	3.771301e-01	-7.851056e-02	4.752906e-01	-2.102158e-01	1.476849e-01	-2.177527e-01	3.159621e-02	0.000000e+00	1	1.705285e-02
3.717141e+00	1.589723e-01	1.678432e-02	4.570788e-02	8.508745e-01	-2.050213e-01	2.832362e-02	-4.175576e-01	-8.369425e-02	-7.633627e-01	2.348084e-01	-7.578443e-01	1.367700e-02	-6.457710e-01	-5.852729e-02	-3.180183e-01	-4.303035e-02	-4.005494e-02	-6.229444e-01	2.143123e-01	0.000000e+00	1	2.236091e-01
4.003091e-01	5.843517e-01	3.518540e-01	2.336361e-01	3.273080e-01	8.316119e-02	1.595368e-01	3.425744e-02	1.433304e-01	1.262154e-01	-4.303031e-02	3.263891e-01	9.172311e-02	3.880315e-01	-7.851056e-02	4.752906e-01	-2.121837e-01	1.484031e-01	-5.663894e-02	-6.013951e-02	0.000000e+00	1	2.033924e-02
1.485111e+00	3.055345e-01	3.278706e-02	4.171904e-02	8.257420e-01	1.078560e-01	-1.045295e+00	-2.227357e-01	-4.214422e-03	-6.038427e-01	-9.659548e-02	-8.796193e-01	1.047551e-01	-7.769641e-01	9.332606e-02	-3.875005e-01	3.310491e-01	-1.990720e-01	1.051555e+00	-3.425950e-01	0.000000e+00	1	1.436692e-02
4.563976e-02	1.181220e+00	5.189352e-01	4.208531e-01	2.443259e-02	-1.474758e-01	-3.408032e-02	-5.139468e-02	-2.300970e-02	1.308080e-01	1.503015e-02	2.122258e-01	1.048435e-01	-1.293900e-01	4.323109e-02	3.522831e-01	-4.080832e-02	8.527502e-02	-4.151679e-02	1.382676e-02	0.000000e+00	1	2.451470e-02
1.130040e-01	1.060383e+00	6.446610e-01	4.367796e-01	6.753029e-02	6.341113e-02	-1.240372e-01	1.035414e-02	-2.971642e-02	5.195571e-02	-2.052141e-01	1.250481e-01	-1.022016e-01	5.400772e-02	-1.256702e-01	-3.483928e-01	-5.091327e-02	-2.911045e-01	-5.607300e-02	3.234104e-02	0.000000e+00	1	5.014391e-02
3.590126e-01	6.216357e-01	5.194852e-01	1.869051e-01	3.273080e-01	2.507924e-01	2.078131e-01	-1.247349e-02	1.531994e-01	1.306030e-01	-4.303031e-02	2.927834e-01	9.172311e-02	3.771301e-01	-1.204815e-01	2.821101e-01	-1.472547e-01	-1.405407e-01	-2.391627e-01	-1.959235e-02	0.000000e+00	1	7.680699e-02
1.987104e-02	1.499660e+00	7.619628e-01	8.033834e-01	1.037863e-02	7.048174e-02	-1.122381e-02	3.141875e-01	-4.622831e-02	1.048156e-01	2.898083e-02	1.923164e-01	3.038164e-02	-2.818707e-01	5.559506e-03	-4.041726e-01	-5.886418e-02	-4.799380e-02	3.688156e-02	3.523855e-01	0.000000e+00	1	6.644935e-02
2.924537e-02	1.425022e+00	1.032567e+00	7.644735e-01	1.420085e-03	3.274297e-01	1.108008e-02	2.658308e-01	-3.805940e-02	-2.467737e-01	1.435138e-02	5.103483e-02	-1.005801e-01	-1.225948e-01	-1.828863e-02	-3.921320e-01	-1.411809e-02	-1.259376e-01	-1.255259e-01	3.437279e-02	0.000000e+00	1	3.139183e-02
1.565426e+00	2.002434e-01	1.602639e-02	2.479616e-02	8.257048e-01	9.156396e-02	5.750713e-02	-2.392978e-01	-3.851077e-01	-6.170386e-01	-2.719907e-01	-5.817832e-01	1.555582e-04	-8.001865e-01	5.317284e-02	-3.264958e-01	4.210809e-01	-3.417444e-01	1.257655e-01	-1.374498e-02	0.000000e+00	1	7.876387e-02
2.664829e-02	1.469863e+00	6.032429e-01	7.925688e-01	1.978406e-04	-1.035930e-01	-4.776641e-02	2.927554e-01	6.180249e-02	-2.286220e-01	-4.474139e-02	8.045902e-02	-1.020735e-01	-1.552239e-01	-7.445225e-02	-5.305463e-01	-1.520087e-02	6.958219e-02	-4.677470e-02	-6.723216e-02	0.000000e+00	1	2.580345e-02
4.444214e-01	5.574747e-01	5.194852e-01	1.869051e-01	3.273080e-01	2.507924e-01	1.734952e-01	-1.247349e-02	1.121662e-01	1.306030e-01	-4.303031e-02	1.292758e-01	9.993275e-02	3.637091e-01	-1.204965e-01	2.027437e-01	-4.128153e-01	1.052131e-01	-6.203765e-02	-1.959235e-02	0.000000e+00	2	5.144710e-02
8.185393e-01	5.504999e-01	5.194852e-01	1.869051e-01	3.273080e-01	2.507924e-01	9.257687e-02	-1.247349e-02	1.531994e-01	1.306030e-01	-4.303031e-02	2.927834e-01	9.172311e-02	3.771301e-01	-1.385672e-01	2.821101e-01	1.415002e-02	1.476849e-01	-8.796253e-01	-1.959235e-02	0.000000e+00	2	3.095970e-02
2.106601e+00	1.651940e-01	1.786775e-02	2.479616e-02	8.257048e-01	9.340532e-02	2.307176e-02	-2.392978e-01	1.501074e-01	-4.555727e-01	-2.514973e-01	-6.167831e-01	2.791367e-01	-8.001865e-01	-1.054540e-01	-5.283501e-01	3.941820e-01	-3.509520e-01	5.279045e-02	-2.295272e-02	0.000000e+00	2	1.096071e-02
3.140654e-02	1.392004e+00	4.073679e-01	3.034145e-01	5.495737e-03	-2.918135e-01	-9.599643e-03	-1.911076e-01	-3.805940e-02	1.010545e-01	-1.216165e-01	-1.887511e-01	3.584086e-02	-5.201133e-02	5.418643e-02	-4.395468e-01	-7.161757e-02	-9.347086e-02	9.757429e-04	1.555278e-01	0.000000e+00	2	3.683386e-02
1.506931e+00	3.672000e-01	3.278706e-02	4.172058e-02	8.257420e-01	1.078560e-01	-1.048949e+00	-2.227342e-01	-4.214422e-03	-6.038427e-01	-4.009718e-01	-8.569407e-01	1.114166e-01	-6.414161e-01	9.332606e-02	-5.318828e-01	3.310491e-01	9.448285e-02	1.051555e+00	-2.702067e-02	0.000000e+00	2	3.433538e-02
1.000668e+00	5.179552e-01	3.595116e-01	3.310374e-01	3.346110e-01	1.361425e-01	-3.891105e-02	1.659852e-01	1.907561e-01	7.119004e-02	1.909117e-02	4.314036e-01	-5.853147e-02	3.061030e-01	-1.573138e-01	2.671633e-01	-9.505263e-01	7.189704e-02	4.212227e-03	5.521807e-02	0.000000e+00	2	6.879543e-02
2.120404e+00	1.634409e-01	1.823606e-02	1.802940e-02	8.257048e-01	9.377363e-02	5.750713e-02	-2.460645e-01	1.048019e-01	-4.555727e-01	-2.602098e-01	-6.674080e-01	2.784701e-01	-8.001865e-01	6.870514e-02	-5.494887e-01	1.220177e-01	-3.509520e-01	5.279045e-02	-1.697575e-02	0.000000e+00	2	2.485846e-02
2.074451e-02	1.523838e+00	1.032567e+00	7.644735e-01	1.420085e-03	3.274297e-01	1.108008e-02	2.658308e-01	-3.805940e-02	-2.467737e-01	1.435138e-02	5.103483e-02	-1.005801e-01	-1.225948e-01	-1.828863e-02	-3.921320e-01	-1.411809e-02	-3.383835e-01	-8.464229e-02	3.437279e-02	0.000000e+00	2	1.595519e-01
1.598442e+00	2.232050e-01	4.106349e-02	1.316491e-01	8.376190e-01	-3.034847e-02	-4.246655e-01	-2.390457e-01	-8.098904e-02	-6.178676e-01	-2.803881e-01	-5.970784e-01	-5.228863e-02	-6.380531e-01	1.486813e-01	-3.108165e-01	9.472663e-02	-3.598652e-01	1.349576e-01	1.829424e-02	0.000000e+00	2	4.113529e-02
3.892293e+00	1.617367e-01	1.678432e-02	4.570788e-02	8.508745e-01	-2.050213e-01	2.832362e-02	-4.175576e-01	-4.405245e-02	-7.633627e-01	3.722410e-01	-8.277323e-01	-1.371883e-01	-4.915162e-01	-1.110844e-01	-3.180183e-01	1.632650e-02	-4.005494e-02	-6.229444e-01	2.193251e-01	0.000000e+00	2	1.000000e+14
5.044190e-02	1.181220e+00	5.189352e-01	4.208531e-01	2.443259e-02	-1.474758e-01	-3.408032e-02	-5.139468e-02	-2.300970e-02	1.308080e-01	1.503015e-02	2.122258e-01	1.048435e-01	-1.293900e-01	4.323109e-02	3.522831e-01	-4.080832e-02	8.527502e-02	5.403693e-02	1.382676e-02	0.000000e+00	2	1.784242e-02
1.608403e+00	2.114601e-01	1.268795e-02	2.863360e-02	8.261017e-01	8.323328e-02	-8.983650e-01	-2.392978e-01	-8.540250e-02	-4.678210e-01	-2.719907e-01	-7.408316e-01	4.975567e-01	-8.012976e-01	-1.054540e-01	-3.177348e-01	4.210809e-01	-3.533683e-01	1.062061e+00	-2.295272e-02	0.000000e+00	2	4.592766e-02
1.501219e+00	4.796795e-01	1.609469e-02	2.590324e-02	8.255639e-01	9.340532e-02	-2.662052e-01	-2.368244e-01	-2.691019e-02	-6.328187e-01	-6.637634e-02	-6.043282e-01	-6.597319e-02	-8.001865e-01	-1.037634e-02	-5.283124e-01	1.490851e-01	1.580942e-01	2.256815e-01	1.872145e-01	0.000000e+00	2	6.208129e-02
2.664829e-02	1.492346e+00	6.032429e-01	7.925688e-01	1.978406e-04	-1.035930e-01	-4.776641e-02	2.927554e-01	6.180249e-02	-2.286220e-01	-4.474139e-02	1.154957e-01	-1.020735e-01	-1.552239e-01	-7.445225e-02	-5.305463e-01	-1.520087e-02	6.958219e-02	-4.677470e-02	1.419464e-01	0.000000e+00	2	3.167796e-02
4.851651e-02	1.193146e+00	5.919117e-01	2.816910e-01	2.254590e-02	-7.807616e-02	-7.371656e-03	-1.929200e-01	-4.435837e-02	-5.356346e-02	-1.194868e-01	2.606451e-02	3.125093e-02	3.495070e-01	5.448439e-02	1.945599e-01	8.106237e-03	1.016919e-01	3.576866e-02	1.361236e-01	0.000000e+00	2	3.607789e-02
4.563976e-02	1.335482e+00	5.189352e-01	8.853654e-01	2.443259e-02	-1.474758e-01	-3.408032e-02	4.131177e-01	-2.300970e-02	1.308080e-01	1.503015e-02	2.122258e-01	1.048435e-01	-1.293900e-01	4.323109e-02	3.522831e-01	-4.080832e-02	-1.059472e-01	-4.151679e-02	1.382676e-02	0.000000e+00	2	3.475959e-02
3.641184e-01	6.040569e-01	3.518540e-01	1.846731e-01	3.273080e-01	8.316119e-02	1.595368e-01	-1.470551e-02	1.433304e-01	1.740363e-01	-4.303031e-02	3.250509e-01	9.172311e-02	4.494448e-01	-7.851056e-02	4.752906e-01	-2.102158e-01	1.476849e-01	-2.177527e-01	3.159621e-02	0.000000e+00	2	9.151543e-02
4.227833e-01	5.894609e-01	5.194852e-01	1.846731e-01	3.273080e-01	2.507924e-01	9.257687e-02	-1.470551e-02	1.531994e-01	1.306030e-01	-4.303031e-02	3.250509e-01	9.172311e-02	3.771301e-01	-7.851056e-02	4.073812e-01	1.415002e-02	1.476849e-01	-2.391627e-01	-1.959235e-02	0.000000e+00	2	1.944466e-02
4.355843e-01	5.595442e-01	5.194852e-01	1.869051e-01	3.273080e-01	2.507924e-01	9.257687e-02	-1.247349e-02	1.531994e-01	1.306030e-01	-4.303031e-02	2.927834e-01	9.172311e-02	3.771301e-01	-2.403242e-01	3.274141e-01	1.415002e-02	1.476849e-01	-2.391627e-01	-1.959235e-02	0.000000e+00	2	2.125924e-03
8.185393e-01	5.504999e-01	5.194852e-01	1.869051e-01	3.273080e-01	2.507924e-01	9.257687e-02	-1.247349e-02	1.531994e-01	1.306030e-01	-4.303031e-02	2.927834e-01	9.172311e-02	3.771301e-01	-1.385672e-01	2.821101e-01	1.415002e-02	1.476849e-01	-8.796253e-01	-1.959235e-02	0.000000e+00	2	4.983218e-02
9.672544e-02	1.142561e+00	5.456786e-01	5.175439e-01	4.620999e-02	-7.697338e-02	-7.984698e-02	7.194550e-02	-2.153358e-02	4.547371e-02	-1.251989e-01	1.251361e-01	-1.107883e-01	3.702931e-01	4.995778e-02	2.769731e-01	-6.580158e-02	9.742778e-03	1.065445e-01	-4.914320e-02	0.000000e+00	2	1.485273e-02
9.672544e-02	1.142561e+00	5.456786e-01	5.175439e-01	4.620999e-02	-7.697338e-02	-7.984698e-02	7.194550e-02	-2.153358e-02	4.547371e-02	-1.251989e-01	1.251361e-01	-1.107883e-01	3.702931e-01	4.995778e-02	2.769731e-01	-6.580158e-02	9.742778e-03	1.065445e-01	-4.914320e-02	0.000000e+00	2	1.107079e-02
4.355843e-01	5.595442e-01	5.194852e-01	1.869051e-01	3.273080e-01	2.507924e-01	9.257687e-02	-1.247349e-02	1.531994e-01	1.306030e-01	-4.303031e-02	2.927834e-01	9.172311e-02	3.771301e-01	-2.403242e-01	3.274141e-01	1.415002e-02	1.476849e-01	-2.391627e-01	-1.959235e-02	0.000000e+00	2	8.015894e-03
1.390120e-01	1.118114e+00	9.855683e-01	6.665422e-01	4.460086e-02	3.596254e-01	-1.759404e-01	2.191174e-01	-2.168046e-02	5.343874e-02	-1.081118e-01	1.237979e-01	-1.124550e-01	2.112887e-01	-1.758012e-02	1.067947e-01	6.948002e-02	-1.745807e-02	-2.187089e-01	3.112837e-02	0.000000e+00	2	1.942381e-02
1.595355e-01	1.093285e+00	4.422184e-01	6.861474e-01	9.852891e-02	-9.804111e-02	-4.852323e-02	2.619449e-01	1.137847e-01	-2.286220e-01	3.059006e-02	1.215897e-01	-5.529620e-02	-1.235683e-01	4.350178e-02	-3.910644e-01	-1.520087e-02	4.445140e-03	-5.705836e-02	3.469360e-02	0.000000e+00	2	2.377693e-02
1.511198e+00	3.359016e-01	4.106349e-02	7.104718e-02	8.376190e-01	-3.034847e-02	-9.087136e-01	-2.996476e-01	-8.098904e-02	-6.066010e-01	1.244212e-01	-8.569407e-01	5.120384e-01	-6.414161e-01	9.332606e-02	-3.108165e-01	3.310491e-01	5.913643e-03	1.051555e+00	3.551624e-01	0.000000e+00	2	4.489574e-02
1.909363e-01	1.043794e+00	8.213293e-01	6.098917e-01	9.989581e-02	2.820873e-01	-4.307386e-02	1.849371e-01	1.878309e-01	-1.340684e-01	1.322180e-02	2.551407e-01	-2.122720e-02	-2.684763e-01	4.350178e-02	-1.299303e-01	-1.584217e-02	4.445140e-03	4.005252e-02	-1.606867e-01	0.000000e+00	2	2.510543e-02
2.075147e-01	1.010973e+00	8.213293e-01	6.098917e-01	9.989581e-02	2.820873e-01	-4.307386e-02	1.849371e-01	1.878309e-01	-1.340684e-01	1.322180e-02	2.046550e-01	6.781245e-02	-2.684763e-01	4.350178e-02	-1.299303e-01	-1.584217e-02	4.445140e-03	4.005252e-02	-8.180161e-02	0.000000e+00	2	2.123385e-02
2.285401e-01	9.725067e-01	8.204269e-01	5.968868e-01	9.989581e-02	2.811849e-01	-4.623161e-02	1.719322e-01	1.878309e-01	-1.516829e-01	-2.945660e-01	8.707468e-02	-2.122720e-02	-2.684763e-01	4.350178e-02	-1.317698e-01	-1.584217e-02	4.445140e-03	3.986259e-02	-6.012937e-02	0.000000e+00	2	3.312484e-02
4.546780e-02	1.342657e+00	9.213275e-01	8.858854e-01	2.413459e-02	2.543479e-01	-3.408032e-02	4.132634e-01	-4.332367e-02	1.308080e-01	1.503015e-02	1.310487e-01	9.970502e-02	-1.293900e-01	4.323109e-02	3.522831e-01	-4.080832e-02	-1.059472e-01	-3.958240e-02	1.382676e-02	0.000000e+00	2	3.461915e-03
4.546780e-02	1.342657e+00	9.213275e-01	8.858854e-01	2.413459e-02	2.543479e-01	-3.408032e-02	4.132634e-01	-4.332367e-02	1.308080e-01	1.503015e-02	1.310487e-01	9.970502e-02	-1.293900e-01	4.323109e-02	3.522831e-01	-4.080832e-02	-1.059472e-01	-3.958240e-02	1.382676e-02	0.000000e+00	2	1.136518e-02
1.397743e-02	2.306818e+00	4.592790e-01	7.948319e-01	5.598495e-03	-2.397466e-01	-1.454314e-03	3.004177e-01	3.617977e-02	3.545514e-01	2.387025e-02	5.821550e-02	-5.074453e-02	-2.174391e-01	1.516953e-02	3.515961e-01	-6.597559e-02	-1.260780e-01	9.757429e-04	9.262770e-01	0.000000e+00	2	3.224153e-02
1.373106e-02	2.336964e+00	4.020994e-01	7.963267e-01	5.494668e-03	-2.970837e-01	1.108008e-02	3.018035e-01	-3.805940e-02	1.010545e-01	2.658936e-02	4.830374e-02	3.484292e-02	-2.367452e-01	-1.353437e-02	-4.431143e-01	-7.046742e-02	-1.260780e-01	9.757429e-04	9.403704e-01	0.000000e+00	2	1.000000e+14
1.777573e-02	2.181493e+00	1.069810e+00	7.611313e-01	5.367388e-03	3.704344e-01	-4.480004e-03	2.664746e-01	6.107544e-02	1.004126e-01	2.321164e-02	-8.095341e-01	-5.085398e-02	-4.628901e-01	8.416433e-03	4.609380e-02	-6.552867e-02	7.179795e-02	3.981542e-02	3.012917e-01	0.000000e+00	2	1.808490e-01
1.390275e-02	2.319586e+00	4.592790e-01	7.948319e-01	5.598495e-03	-2.397466e-01	-1.454314e-03	3.004177e-01	3.617977e-02	1.196623e-01	-2.140841e-02	5.821550e-02	-5.074453e-02	-2.174391e-01	1.516953e-02	3.515961e-01	-6.597559e-02	-6.322026e-02	9.757429e-04	9.960522e-01	0.000000e+00	2	6.961182e-03
1.911547e+00	1.989986e-01	1.602639e-02	2.479616e-02	8.257048e-01	9.156396e-02	5.750713e-02	-2.392978e-01	1.501074e-01	-6.170386e-01	-2.719907e-01	-5.817832e-01	2.711797e-02	-8.001865e-01	5.317284e-02	-3.264958e-01	4.210809e-01	-3.509520e-01	1.257655e-01	-2.295272e-02	0.000000e+00	2	3.911632e-02
2.007453e+00	1.914521e-01	1.786775e-02	2.479616e-02	8.257048e-01	9.340532e-02	-6.035341e-02	-2.392978e-01	1.501074e-01	-4.555727e-01	-2.719907e-01	-7.408316e-01	2.791367e-01	-8.001865e-01	-1.054540e-01	-5.283501e-01	4.210809e-01	-3.509520e-01	5.279045e-02	-2.533482e-01	0.000000e+00	2	2.384849e-02
1.913500e+00	1.988381e-01	1.602639e-02	2.479616e-02	8.257048e-01	9.156396e-02	5.750713e-02	-2.392978e-01	1.501074e-01	-6.170386e-01	-2.719907e-01	-5.817832e-01	-1.014350e-02	-8.001865e-01	5.317284e-02	-3.264958e-01	4.210809e-01	-3.417444e-01	1.257655e-01	-2.295272e-02	0.000000e+00	2	1.409830e-02
1.911547e+00	1.989986e-01	1.602639e-02	2.479616e-02	8.257048e-01	9.156396e-02	5.750713e-02	-2.392978e-01	1.501074e-01	-6.170386e-01	-2.719907e-01	-5.817832e-01	2.711797e-02	-8.001865e-01	5.317284e-02	-3.264958e-01	4.210809e-01	-3.509520e-01	1.257655e-01	-2.295272e-02	0.000000e+00	2	3.116231e-03
2.049592e+00	1.714115e-01	1.786775e-02	2.479616e-02	8.257048e-01	9.340532e-02	5.750713e-02	-2.392978e-01	1.501074e-01	-4.555727e-01	-2.719907e-01	-7.408316e-01	2.791367e-01	-8.001865e-01	5.209852e-02	-5.283501e-01	4.210809e-01	-3.509520e-01	5.279045e-02	-2.295272e-02	0.000000e+00	2	6.861549e-03
2.294233e+00	1.622787e-01	1.678432e-02	4.570788e-02	8.508745e-01	-2.050213e-01	-3.221070e-05	-4.175576e-01	1.058927e-01	-7.172558e-01	2.348084e-01	-7.912585e-01	1.819225e-01	-6.457710e-01	9.172791e-03	-3.213956e-01	-6.954420e-02	-3.494869e-02	9.514892e-02	2.143123e-01	0.000000e+00	2	2.288126e-01
2.049592e+00	1.714115e-01	1.786775e-02	2.479616e-02	8.257048e-01	9.340532e-02	5.750713e-02	-2.392978e-01	1.501074e-01	-4.555727e-01	-2.719907e-01	-7.408316e-01	2.791367e-01	-8.001865e-01	5.209852e-02	-5.283501e-01	4.210809e-01	-3.509520e-01	5.279045e-02	-2.295272e-02	0.000000e+00	2	1.195569e-02
3.543000e-01	9.491868e-01	8.610612e-01	3.261078e-01	1.940544e-01	2.420327e-01	1.342840e-01	-2.460824e-01	-1.400864e-01	-3.274201e-02	6.901122e-02	1.738358e-01	-1.601151e-01	-1.693957e-01	5.098408e-02	-2.141883e-01	1.031026e-01	7.347134e-02	-3.730789e-03	1.717785e-01	0.000000e+00	2	1.021702e-01
1.228429e+00	4.810882e-01	1.325467e-01	1.491246e-01	8.262633e-01	2.010607e-01	-2.772540e-01	-1.203642e-01	-2.345920e-01	-6.326562e-01	-7.232856e-02	-7.408316e-01	2.516467e-01	-7.572663e-01	5.209852e-02	-5.254310e-01	3.466778e-01	1.225206e-01	2.823802e-01	-1.440252e-01	0.000000e+00	2	7.332593e-02
7.637470e-02	1.181827e+00	5.262986e-01	7.111965e-01	4.625899e-02	-9.625323e-02	1.192732e-02	2.656531e-01	-3.317336e-02	-2.754549e-01	2.214052e-02	1.152404e-01	-1.004280e-01	-1.625299e-01	-1.017999e-01	2.531734e-01	-9.989699e-03	3.851038e-02	1.052056e-01	-4.152531e-02	0.000000e+00	3	2.345827e-02
2.993950e-02	1.645687e+00	4.466631e-01	9.457133e-01	6.206467e-03	-2.514347e-01	-9.198666e-02	4.519417e-01	-1.003037e-02	3.671060e-01	1.319805e-02	4.830374e-02	-1.004281e-01	-2.384189e-01	-1.154930e-02	-4.431143e-01	-7.046742e-02	1.856986e-02	9.757429e-04	3.681861e-02	0.000000e+00	3	4.038225e-02
2.280277e-02	2.202972e+00	4.020978e-01	7.894265e-01	5.495737e-03	-2.970837e-01	-9.198666e-02	2.949044e-01	-3.805940e-02	1.010545e-01	2.658936e-02	4.830374e-02	3.584086e-02	4.195292e-01	-1.154930e-02	-4.431143e-01	-7.046742e-02	-1.419877e-01	9.757429e-04	7.970692e-01	0.000000e+00	3	4.392023e-02
1.397743e-02	2.319586e+00	4.592790e-01	7.948319e-01	5.598495e-03	-2.397466e-01	-1.454314e-03	3.004177e-01	3.617977e-02	1.196623e-01	2.387025e-02	5.821550e-02	-5.074453e-02	-2.174391e-01	1.516953e-02	3.515961e-01	-6.597559e-02	-6.322026e-02	9.757429e-04	9.960522e-01	0.000000e+00	3	1.000000e+14
2.894361e-02	1.655578e+00	9.683891e-01	1.047087e+00	1.803473e-02	2.900905e-01	-3.916498e-02	5.669061e-01	-1.961893e-02	7.083678e-02	1.909117e-02	4.314036e-01	3.463503e-02	-3.061319e-01	-6.056700e-03	3.633044e-02	-7.177102e-02	7.189704e-02	3.576866e-02	1.427590e-01	0.000000e+00	3	7.818368e-02
2.285401e-01	9.727036e-01	8.204269e-01	5.968868e-01	9.989581e-02	2.811849e-01	-4.623161e-02	1.719322e-01	1.878309e-01	-1.516829e-01	-2.945660e-01	8.707468e-02	-2.122720e-02	-2.684763e-01	4.350178e-02	-1.317698e-01	-1.584217e-02	4.445140e-03	3.986259e-02	-9.727654e-02	0.000000e+00	3	1.309725e-01
1.909363e-01	1.064183e+00	8.213293e-01	6.098917e-01	9.989581e-02	2.820873e-01	-4.307386e-02	1.849371e-01	1.878309e-01	-1.340684e-01	1.322180e-02	2.551407e-01	-2.122720e-02	-2.684763e-01	4.350178e-02	8.328511e-02	-1.584217e-02	4.445140e-03	4.005252e-02	-1.606867e-01	0.000000e+00	3	1.774998e-02
2.337908e-02	2.117411e+00	1.054143e+00	7.651845e-01	1.350779e-03	3.489079e-01	-5.217503e-02	2.664746e-01	6.397060e-02	1.241954e-01	-4.534069e-02	-8.095341e-01	-3.435486e-02	-3.631972e-01	-7.880022e-02	4.609380e-02	-6.552867e-02	7.179795e-02	3.981542e-02	3.406060e-01	0.000000e+00	3	2.000721e-02
1.228429e+00	5.438888e-01	2.093171e-01	1.491246e-01	8.262633e-01	2.778311e-01	-2.772540e-01	-1.203642e-01	-2.345920e-01	-6.326562e-01	-7.232856e-02	-7.408316e-01	2.516467e-01	-7.572663e-01	5.209852e-02	-5.254310e-01	3.466778e-01	1.225206e-01	2.823802e-01	-1.440252e-01	0.000000e+00	3	1.050404e-01
1.571343e+00	4.308372e-01	3.489694e-02	4.030080e-02	8.270601e-01	9.340532e-02	-2.662052e-01	-2.368244e-01	1.341366e-01	-6.392070e-01	-6.637634e-02	-5.963925e-01	-6.562634e-02	-8.001865e-01	5.124670e-02	-5.264936e-01	2.751958e-01	1.537557e-01	2.110903e-01	1.082500e-01	0.000000e+00	3	1.577678e-02
1.529120e+00	4.799866e-01	5.294727e-02	2.247987e-01	4.225783e-01	1.375176e-01	-3.334056e-02	1.215509e-01	1.858743e-01	5.111228e-02	-1.205237e-01	-9.160910e-02	2.595159e-01	-3.885892e-01	-1.373166e-01	-3.354172e-01	3.938001e-01	-1.846508e-01	-3.957225e-01	-5.182860e-01	0.000000e+00	3	1.763736e-02
1.529120e+00	4.799866e-01	5.294727e-02	2.247987e-01	4.225783e-01	1.375176e-01	-3.334056e-02	1.215509e-01	1.858743e-01	5.111228e-02	-1.205237e-01	-9.160910e-02	2.595159e-01	-3.885892e-01	-1.373166e-01	-3.354172e-01	3.938001e-01	-1.846508e-01	-3.957225e-01	-5.182860e-01	0.000000e+00	3	0.000000e+00
1.610423e+00	4.067578e-01	1.786775e-02	2.479616e-02	8.257048e-01	9.340532e-02	-1.971405e-01	-2.392978e-01	-2.109866e-01	-6.860594e-01	-6.637634e-02	-6.550033e-01	2.516467e-01	-3.501982e-01	5.209852e-02	-5.283501e-01	1.408829e-01	9.036944e-02	5.279045e-02	-2.295272e-02	0.000000e+00	3	4.816739e-02
1.529120e+00	4.799866e-01	5.294727e-02	2.247987e-01	4.225783e-01	1.375176e-01	-3.334056e-02	1.215509e-01	1.858743e-01	5.111228e-02	-1.205237e-01	-9.160910e-02	2.595159e-01	-3.885892e-01	-1.373166e-01	-3.354172e-01	3.938001e-01	-1.846508e-01	-3.957225e-01	-5.182860e-01	0.000000e+00	3	4.740753e-02
1.529120e+00	4.799866e-01	5.294727e-02	2.247987e-01	4.225783e-01	1.375176e-01	-3.334056e-02	1.215509e-01	1.858743e-01	5.111228e-02	-1.205237e-01	-9.160910e-02	2.595159e-01	-3.885892e-01	-1.373166e-01	-3.354172e-01	3.938001e-01	-1.846508e-01	-3.957225e-01	-5.182860e-01	0.000000e+00	3	0.000000e+00
1.551164e+00	4.420092e-01	1.103166e-01	9.593738e-02	8.331290e-01	9.340532e-02	-2.662052e-01	-2.368244e-01	1.341366e-01	-6.392070e-01	-6.637634e-02	-5.963925e-01	1.077388e-01	-8.415665e-01	5.124670e-02	-5.264936e-01	2.751958e-01	1.537557e-01	2.110903e-01	1.082500e-01	0.000000e+00	3	1.680980e-02
1.502025e-01	1.118215e+00	4.456238e-01	7.149866e-01	9.453223e-02	-9.804111e-02	-4.852323e-02	2.925580e-01	1.137847e-01	-2.286220e-01	1.322180e-02	1.215897e-01	-1.020735e-01	-1.235683e-01	4.350178e-02	-3.910644e-01	-1.520087e-02	4.445140e-03	-5.705836e-02	3.469360e-02	0.000000e+00	3	3.019820e-02
4.907682e-02	1.299237e+00	5.773149e-01	7.707552e-01	1.965469e-02	-9.804111e-02	-4.852323e-02	2.925580e-01	1.137847e-01	-2.286220e-01	1.322180e-02	1.215897e-01	-1.020735e-01	-1.235683e-01	4.350178e-02	-3.910644e-01	-1.520087e-02	4.445140e-03	-5.705836e-02	3.469360e-02	0.000000e+00	3	2.503692e-02
9.718754e-02	1.142561e+00	5.456786e-01	5.175439e-01	4.620999e-02	-7.697338e-02	-7.984698e-02	7.194550e-02	-2.153358e-02	4.547371e-02	8.125280e-02	1.251361e-01	-1.107883e-01	3.702931e-01	4.995778e-02	2.769731e-01	-6.580158e-02	9.742778e-03	1.065445e-01	-4.914320e-02	0.000000e+00	3	1.508705e-02
4.848883e-01	5.872791e-01	5.195476e-01	1.846731e-01	3.273080e-01	2.508548e-01	3.029822e-01	-1.470551e-02	1.531994e-01	2.439424e-01	-4.303031e-02	1.727923e-01	5.061127e-02	3.915766e-01	-1.031536e-01	4.073812e-01	1.415002e-02	1.476849e-01	4.390222e-02	-1.959235e-02	0.000000e+00	3	1.078980e-02
8.382792e-01	5.504999e-01	5.194852e-01	1.869051e-01	3.273080e-01	2.507924e-01	9.257687e-02	-1.247349e-02	1.531994e-01	1.306030e-01	-4.303031e-02	2.927834e-01	9.172311e-02	3.771301e-01	-1.385672e-01	2.821101e-01	5.615336e-02	1.476849e-01	-8.796253e-01	-1.959235e-02	0.000000e+00	3	7.753577e-02
4.848883e-01	5.872791e-01	5.195476e-01	1.846731e-01	3.273080e-01	2.508548e-01	3.029822e-01	-1.470551e-02	1.531994e-01	2.439424e-01	-4.303031e-02	1.727923e-01	5.061127e-02	3.915766e-01	-1.031536e-01	4.073812e-01	1.415002e-02	1.476849e-01	4.390222e-02	-1.959235e-02	0.000000e+00	3	8.779284e-03
4.669333e-01	6.019472e-01	3.967911e-01	8.781851e-02	3.273080e-01	1.280984e-01	9.257687e-02	-1.115601e-01	1.531994e-01	5.195546e-02	-1.210270e-01	2.927834e-01	8.999461e-02	3.955788e-01	-2.376959e-01	3.274141e-01	3.016627e-02	1.553667e-01	-2.391627e-01	-1.526270e-02	0.000000e+00	3	9.422415e-03
9.702710e-02	1.153860e+00	5.262986e-01	6.368589e-01	4.625899e-02	-9.625323e-02	-1.895790e-02	1.913155e-01	1.070017e-01	-2.754549e-01	2.248189e-02	1.152404e-01	-1.112813e-01	-1.625299e-01	-1.017999e-01	2.531734e-01	-6.580158e-02	4.086151e-02	1.228783e-01	-4.905323e-02	0.000000e+00	3	9.131836e-03
7.133475e-02	1.240863e+00	5.532677e-01	4.982022e-01	1.769896e-02	-1.256346e-01	1.833697e-02	1.761258e-02	1.100839e-01	1.085996e-01	-4.435634e-02	2.088585e-01	-1.419002e-01	-2.158477e-01	-1.409349e-01	2.810136e-01	5.840620e-02	-2.631619e-01	1.263257e-03	-1.231795e-01	0.000000e+00	3	2.052978e-02
4.669333e-01	6.019472e-01	3.967911e-01	8.781851e-02	3.273080e-01	1.280984e-01	9.257687e-02	-1.115601e-01	1.531994e-01	5.195546e-02	-1.210270e-01	2.927834e-01	8.999461e-02	3.955788e-01	-2.376959e-01	3.274141e-01	3.016627e-02	1.553667e-01	-2.391627e-01	-1.526270e-02	0.000000e+00	3	5.704132e-03
6.544798e-02	1.264372e+00	1.029521e+00	1.418104e-01	2.384423e-02	3.619882e-01	-3.902542e-02	-3.311758e-01	-4.332367e-02	5.531587e-02	-1.471199e-01	1.310487e-01	9.970502e-02	-1.293900e-01	4.323109e-02	1.568556e-01	-4.080832e-02	-1.059472e-01	-3.975383e-02	1.382676e-02	0.000000e+00	3	1.638383e-02
3.973554e-01	6.040569e-01	3.518540e-01	1.846731e-01	3.273080e-01	8.316119e-02	1.595368e-01	-1.470551e-02	1.433304e-01	1.740363e-01	2.997208e-01	3.250509e-01	9.172311e-02	4.494448e-01	-7.851056e-02	4.752906e-01	-2.102158e-01	1.476849e-01	-2.177527e-01	3.159621e-02	0.000000e+00	3	1.165176e-01
9.702710e-02	1.153860e+00	5.262986e-01	6.368589e-01	4.625899e-02	-9.625323e-02	-1.895790e-02	1.913155e-01	1.070017e-01	-2.754549e-01	2.248189e-02	1.152404e-01	-1.112813e-01	-1.625299e-01	-1.017999e-01	2.531734e-01	-6.580158e-02	4.086151e-02	1.228783e-01	-4.905323e-02	0.000000e+00	3	2.638835e-03
2.180474e-02	2.306085e+00	4.592790e-01	7.947874e-01	5.598495e-03	-2.397466e-01	-1.454314e-03	3.003732e-01	3.617977e-02	3.535421e-01	1.897113e-02	5.821550e-02	-5.966140e-02	-2.174391e-01	1.516953e-02	3.515961e-01	-6.655400e-02	-1.260780e-01	7.938457e-02	9.262770e-01	0.000000e+00	3	2.815412e-02
2.098204e+00	1.882191e-01	1.786775e-02	2.479616e-02	8.257048e-01	9.340532e-02	5.750713e-02	-2.392978e-01	1.571101e-01	-4.555727e-01	-2.769902e-01	-7.408316e-01	7.247248e-02	-8.001865e-01	-1.054540e-01	-5.283501e-01	4.210809e-01	-3.702936e-01	5.279045e-02	-2.397794e-01	0.000000e+00	3	2.837823e-02
4.557870e-02	1.361414e+00	1.029521e+00	1.418104e-01	2.384423e-02	3.619882e-01	-3.902542e-02	-3.311758e-01	-4.332367e-02	5.531587e-02	1.503015e-02	1.310487e-01	9.970502e-02	-1.293900e-01	4.323109e-02	3.522831e-01	-4.080832e-02	-1.059472e-01	-3.975383e-02	1.382676e-02	0.000000e+00	3	2.520254e-02
1.397743e-02	2.319586e+00	4.592790e-01	7.948319e-01	5.598495e-03	-2.397466e-01	-1.454314e-03	3.004177e-01	3.617977e-02	1.196623e-01	2.387025e-02	5.821550e-02	-5.074453e-02	-2.174391e-01	1.516953e-02	3.515961e-01	-6.597559e-02	-6.322026e-02	9.757429e-04	9.960522e-01	0.000000e+00	3	4.133386e-03
2.029605e-01	1.061576e+00	8.698170e-01	6.061431e-01	9.012424e-02	3.216761e-01	-1.235759e-01	1.849371e-01	1.833067e-01	7.618062e-02	7.111409e-03	2.571232e-01	-2.083875e-02	-2.684763e-01	1.321493e-01	-1.299303e-01	-1.584217e-02	4.445140e-03	4.023762e-02	-1.586585e-01	0.000000e+00	3	2.602505e-02
1.990059e+00	2.089424e-01	9.407592e-03	9.294436e-03	8.257048e-01	8.494516e-02	-1.015720e-01	-2.547995e-01	1.379765e-01	-5.896531e-01	-1.229161e-01	-6.686889e-01	2.791367e-01	-7.222901e-01	5.209852e-02	-5.471407e-01	4.257902e-01	-4.314373e-02	-5.253365e-02	-3.999350e-02	0.000000e+00	3	7.569731e-02
1.909363e-01	1.064183e+00	8.213293e-01	6.098917e-01	9.989581e-02	2.820873e-01	-4.307386e-02	1.849371e-01	1.878309e-01	-1.340684e-01	1.322180e-02	2.551407e-01	-2.122720e-02	-2.684763e-01	4.350178e-02	8.328511e-02	-1.584217e-02	4.445140e-03	4.005252e-02	-1.606867e-01	0.000000e+00	3	2.147777e-03
1.644469e+00	2.634822e-01	4.106349e-02	1.402129e-01	8.376190e-01	-3.034847e-02	-4.246655e-01	-2.304818e-01	-8.098904e-02	-6.066010e-01	-1.082695e-01	-8.569407e-01	7.239756e-01	-6.414161e-01	1.486813e-01	-3.108165e-01	1.131934e-01	-3.903763e-02	1.051555e+00	1.829424e-02	0.000000e+00	3	9.458024e-02
3.908162e+00	1.617367e-01	1.678432e-02	4.570788e-02	8.508745e-01	-2.050213e-01	2.832362e-02	-4.175576e-01	7.000343e-03	-7.633627e-01	3.722410e-01	-8.277323e-01	-1.371883e-01	-4.915162e-01	-1.110844e-01	-3.180183e-01	1.632650e-02	-4.005494e-02	-6.229444e-01	2.193251e-01	0.000000e+00	3	1.000000e+14
2.479430e-02	1.980253e+00	4.020994e-01	5.971842e-01	5.494668e-03	-2.970837e-01	1.108008e-02	1.026610e-01	-3.805940e-02	1.010545e-01	2.330307e-02	4.830374e-02	-1.009192e-01	-2.373349e-01	4.300752e-02	-3.349099e-01	-7.046742e-02	7.586284e-03	-2.989657e-02	8.411523e-01	0.000000e+00	3	1.077269e-01
2.337908e-02	2.117411e+00	1.054143e+00	7.651845e-01	1.350779e-03	3.489079e-01	-5.217503e-02	2.664746e-01	6.397060e-02	1.241954e-01	-4.534069e-02	-8.095341e-01	-3.435486e-02	-3.631972e-01	-7.880022e-02	4.609380e-02	-6.552867e-02	7.179795e-02	3.981542e-02	3.406060e-01	0.000000e+00	3	3.185508e-02
2.130985e+00	1.645605e-01	1.823606e-02	2.479616e-02	8.257048e-01	9.377363e-02	5.750713e-02	-2.392978e-01	1.063871e-01	-4.555727e-01	-2.719907e-01	-6.674080e-01	2.791367e-01	-8.001865e-01	5.209852e-02	-5.494887e-01	1.220177e-01	-3.509520e-01	5.279045e-02	-2.332616e-02	0.000000e+00	3	2.385288e-01
3.229231e-02	1.398703e+00	6.058728e-01	7.903499e-01	2.288646e-03	-9.803304e-02	-4.852323e-02	2.925580e-01	1.151180e-01	-5.683860e-02	1.322180e-02	1.215897e-01	-1.020735e-01	3.548431e-01	4.998147e-02	-3.910644e-01	-1.520087e-02	1.052974e-01	3.251250e-02	3.656287e-02	0.000000e+00	3	2.991488e-02
3.140654e-02	1.482665e+00	4.073679e-01	3.034145e-01	5.495737e-03	-2.918135e-01	-9.599643e-03	-1.911076e-01	-3.805940e-02	1.010545e-01	-1.216165e-01	-2.661567e-01	3.584086e-02	-2.367452e-01	5.418643e-02	-4.395468e-01	-7.161757e-02	-9.347086e-02	9.757429e-04	1.555278e-01	0.000000e+00	3	5.753144e-02
5.424523e-01	5.593395e-01	5.194852e-01	1.869051e-01	3.273080e-01	2.507924e-01	8.039169e-02	-1.247349e-02	4.904984e-01	1.306030e-01	-4.303031e-02	2.927834e-01	9.172311e-02	3.771301e-01	-2.403242e-01	3.274141e-01	1.415002e-02	1.541509e-01	-2.702790e-01	-1.406246e-02	0.000000e+00	3	2.798633e-02
6.499419e-01	5.579582e-01	3.876880e-01	4.430901e-01	3.495091e-01	2.544249e-01	-1.415617e-01	3.394505e-01	1.230380e-01	3.983399e-01	-1.969018e-01	3.249161e-01	1.226817e-01	3.172334e-01	-5.488305e-02	4.154323e-01	1.037667e-02	1.014145e-01	-2.752393e-01	-1.545608e-02	0.000000e+00	3	3.200763e-04
6.499419e-01	5.579582e-01	3.876880e-01	4.430901e-01	3.495091e-01	2.544249e-01	-1.415617e-01	3.394505e-01	1.230380e-01	3.983399e-01	-1.969018e-01	3.249161e-01	1.226817e-01	3.172334e-01	-5.488305e-02	4.154323e-01	1.037667e-02	1.014145e-01	-2.752393e-01	-1.545608e-02	0.000000e+00	3	1.552948e-02
6.499419e-01	5.579582e-01	3.876880e-01	4.430901e-01	3.495091e-01	2.544249e-01	-1.415617e-01	3.394505e-01	1.230380e-01	3.983399e-01	-1.969018e-01	3.249161e-01	1.226817e-01	3.172334e-01	-5.488305e-02	4.154323e-01	1.037667e-02	1.014145e-01	-2.752393e-01	-1.545608e-02	0.000000e+00	3	2.418186e-02
4.952880e-02	1.300103e+00	5.127421e-01	2.316510e-01	3.582592e-02	-1.311320e-01	3.060974e-02	-2.262835e-01	-2.774420e-02	6.646592e-02	3.484608e-02	4.412143e-02	1.383843e-02	3.695912e-01	-1.068736e-01	2.621051e-01	-7.207488e-02	-1.814394e-01	2.323872e-03	2.175376e-01	0.000000e+00	4	4.878178e-02
4.592788e-02	1.386555e+00	1.042471e+00	7.540746e-01	2.264944e-02	3.726781e-01	-7.267367e-03	2.795929e-01	-1.442470e-02	4.435563e-02	-4.534069e-02	-2.751493e-01	1.148370e-01	-2.184683e-01	-5.450142e-02	2.716054e-01	-3.883274e-02	1.533180e-01	3.981542e-02	-1.715698e-02	0.000000e+00	4	4.265467e-02
4.118553e-02	1.522926e+00	1.032567e+00	6.901360e-01	1.420085e-03	3.274297e-01	-1.980514e-02	1.914932e-01	1.021156e-01	-4.396765e-01	1.469275e-02	5.103483e-02	-1.114334e-01	-1.225948e-01	-1.828863e-02	-3.921320e-01	-6.992997e-02	-1.235865e-01	-1.078532e-01	2.684486e-02	0.000000e+00	4	6.139317e-03
4.244060e-01	6.255596e-01	6.590247e-01	3.049837e-01	3.039844e-01	2.507924e-01	9.257687e-02	-1.247349e-02	1.531994e-01	1.306030e-01	-4.303031e-02	2.927834e-01	9.172311e-02	3.771301e-01	1.716775e-01	2.821101e-01	1.415002e-02	1.476849e-01	-2.391627e-01	-1.959235e-02	0.000000e+00	4	4.125538e-02
2.122257e-02	2.512257e+00	2.067972e-01	9.293630e-01	5.366929e-03	-4.925793e-01	-9.206106e-02	4.347059e-01	-1.003037e-02	2.529420e-01	2.658936e-02	6.093258e-02	3.584086e-02	-2.364384e-01	-1.154930e-02	3.570027e-02	-7.048374e-02	-5.908388e-02	9.757429e-04	9.817440e-01	0.000000e+00	4	6.897375e-02
1.974273e-01	1.093285e+00	4.422184e-01	6.861474e-01	9.852891e-02	-9.804111e-02	-4.852323e-02	2.619449e-01	1.137847e-01	-2.286220e-01	1.446405e-01	1.215897e-01	-5.529620e-02	-1.235683e-01	4.350178e-02	-3.910644e-01	-1.520087e-02	4.445140e-03	-5.705836e-02	3.469360e-02	0.000000e+00	4	2.553579e-02
4.149336e-02	1.504484e+00	7.619628e-01	8.033834e-01	1.037863e-02	7.048174e-02	9.180497e-02	3.141875e-01	-4.622831e-02	1.048156e-01	2.898083e-02	2.049783e-01	3.038164e-02	-2.818707e-01	-1.269508e-01	-4.041726e-01	-5.886418e-02	-4.799380e-02	3.688156e-02	3.523855e-01	0.000000e+00	4	2.831565e-02
1.792704e-01	1.118215e+00	4.456238e-01	7.149866e-01	9.453223e-02	-9.804111e-02	-4.852323e-02	2.925580e-01	1.137847e-01	-2.286220e-01	1.322180e-02	1.215897e-01	-1.020735e-01	-1.235683e-01	4.350178e-02	-3.910644e-01	-1.520087e-02	4.445140e-03	1.812595e-01	3.469360e-02	0.000000e+00	4	1.715768e-02
1.524011e+00	5.602691e-01	5.294727e-02	2.247987e-01	4.225783e-01	1.375176e-01	-4.708478e-02	1.215509e-01	1.858743e-01	-1.441512e-02	-1.205237e-01	-9.160910e-02	2.595159e-01	-3.885892e-01	-1.382460e-01	-3.354172e-01	3.938001e-01	-1.846508e-01	-3.957225e-01	-1.404995e-02	0.000000e+00	4	2.317042e-01
1.502025e-01	1.123840e+00	4.456238e-01	7.149866e-01	9.453223e-02	-9.804111e-02	-4.852323e-02	2.925580e-01	1.137847e-01	-2.399654e-01	1.322180e-02	1.215897e-01	-1.020735e-01	-1.235683e-01	4.350178e-02	-3.910644e-01	-1.520087e-02	4.445140e-03	-5.705836e-02	3.469360e-02	0.000000e+00	4	1.531443e-02
4.355843e-01	6.216357e-01	5.194852e-01	1.869051e-01	3.273080e-01	2.507924e-01	9.257687e-02	-1.247349e-02	1.531994e-01	1.306030e-01	-4.303031e-02	2.927834e-01	9.172311e-02	3.771301e-01	-2.403242e-01	2.821101e-01	1.415002e-02	-1.405407e-01	-2.391627e-01	-1.959235e-02	0.000000e+00	4	2.572495e-02
4.205629e-01	8.108004e-01	5.190432e-01	1.914878e-01	3.273819e-01	2.508093e-01	1.001923e-01	-7.532885e-03	1.531994e-01	1.295944e-01	-4.303031e-02	3.273784e-01	9.172311e-02	3.730849e-01	-8.243533e-02	-3.084507e-01	1.415002e-02	1.762459e-01	-2.403001e-01	-1.959235e-02	0.000000e+00	4	1.074056e-01
1.529120e+00	5.030177e-01	5.294727e-02	2.247987e-01	4.225783e-01	1.375176e-01	-3.334056e-02	1.215509e-01	1.858743e-01	2.514970e-01	-1.205237e-01	-9.160910e-02	2.595159e-01	-3.885892e-01	-1.373166e-01	-3.354172e-01	3.938001e-01	-1.846508e-01	-3.957225e-01	-5.182860e-01	0.000000e+00	4	4.416638e-02
1.017558e-01	1.181033e+00	4.841998e-01	7.193336e-01	6.697374e-02	-9.804111e-02	-4.852323e-02	2.925580e-01	1.137847e-01	-2.286220e-01	1.322180e-02	1.215897e-01	-8.923093e-02	5.457342e-02	-1.248887e-01	-3.910644e-01	-1.520087e-02	4.445140e-03	-5.705836e-02	3.469360e-02	0.000000e+00	4	2.066988e-02
5.438183e-01	5.894609e-01	5.194852e-01	1.846731e-01	3.273080e-01	2.507924e-01	-1.422958e-01	-1.470551e-02	1.531994e-01	1.306030e-01	-4.303031e-02	3.250509e-01	9.172311e-02	3.771301e-01	-7.851056e-02	4.073812e-01	1.415002e-02	1.476849e-01	-2.391627e-01	-1.959235e-02	0.000000e+00	4	2.458843e-02
1.490947e-01	1.159550e+00	4.604291e-01	7.142821e-01	7.799227e-02	-1.035930e-01	-4.852323e-02	2.925580e-01	1.829888e-01	-2.286220e-01	-1.287580e-01	1.154957e-01	-1.020735e-01	-1.235683e-01	4.252332e-02	-3.372734e-01	-1.520087e-02	4.445140e-03	-4.677470e-02	1.408197e-01	0.000000e+00	4	2.275777e-02
5.104304e-01	5.976168e-01	5.069550e-01	4.779419e-01	3.273080e-01	2.382622e-01	9.257687e-02	2.785632e-01	1.504958e-01	1.552101e-02	-1.300954e-01	2.927834e-01	8.917973e-02	3.771301e-01	-1.385672e-01	2.821101e-01	1.415002e-02	-5.610259e-02	-3.182965e-03	-1.835583e-02	0.000000e+00	4	2.352351e-02
1.632699e+00	4.664958e-01	3.489694e-02	4.030080e-02	8.270601e-01	9.340532e-02	-2.662052e-01	-2.368244e-01	1.341366e-01	-6.392070e-01	-6.637634e-02	-5.963925e-01	-6.562634e-02	-8.001865e-01	5.124670e-02	-5.264936e-01	1.490851e-01	1.537557e-01	2.256815e-01	1.872145e-01	0.000000e+00	4	6.726841e-02
5.130715e-01	5.947038e-01	5.194852e-01	1.836826e-01	3.273080e-01	2.507924e-01	3.431555e-01	-1.569600e-02	-4.459541e-02	1.306030e-01	-4.303031e-02	3.250509e-01	9.172311e-02	4.053613e-01	-7.878915e-02	3.998604e-01	-8.785476e-02	1.476849e-01	4.336080e-02	-1.959235e-02	0.000000e+00	4	9.447906e-03
2.049592e+00	2.114970e-01	1.786775e-02	2.479616e-02	8.257048e-01	9.340532e-02	5.750713e-02	-2.392978e-01	1.501074e-01	-7.972603e-01	-2.719907e-01	-7.408316e-01	2.791367e-01	-8.001865e-01	5.209852e-02	-5.283501e-01	4.210809e-01	-3.509520e-01	5.279045e-02	-2.295272e-02	0.000000e+00	4	2.851648e-02
1.661276e+00	2.634822e-01	4.106349e-02	1.402129e-01	8.376190e-01	-3.034847e-02	-4.246655e-01	-2.304818e-01	-8.098904e-02	-6.066010e-01	5.602575e-02	-8.569407e-01	7.239756e-01	-6.414161e-01	1.486813e-01	-3.108165e-01	1.131934e-01	-3.903763e-02	1.051555e+00	1.829424e-02	0.000000e+00	4	9.709134e-02
3.375143e-02	1.526169e+00	1.032567e+00	7.644735e-01	1.420085e-03	3.274297e-01	1.108008e-02	2.658308e-01	-3.805940e-02	1.010545e-01	-9.837044e-02	4.830374e-02	-3.316068e-02	-2.367452e-01	-1.828863e-02	-4.431143e-01	-6.536596e-02	-1.259376e-01	-1.255259e-01	2.647345e-01	0.000000e+00	4	4.880437e-02
1.782740e-02	2.676868e+00	3.295198e-01	1.062040e+00	6.058722e-03	-3.688044e-01	-5.327049e-02	5.681113e-01	-2.537988e-02	1.010545e-01	2.941027e-02	8.862797e-02	-5.008791e-02	-3.596373e-01	9.202063e-03	-4.431143e-01	-7.046742e-02	-1.260780e-01	5.180738e-04	9.315170e-01	0.000000e+00	4	1.000000e+14
2.280277e-02	2.336963e+00	4.020978e-01	7.963256e-01	5.495737e-03	-2.970837e-01	-9.198666e-02	3.018035e-01	-3.805940e-02	1.010545e-01	2.658936e-02	4.830374e-02	3.584086e-02	-2.367452e-01	-1.154930e-02	-4.431143e-01	-7.046742e-02	-1.260780e-01	9.757429e-04	9.403704e-01	0.000000e+00	4	1.532350e-01
1.782740e-02	2.676868e+00	3.295198e-01	1.062040e+00	6.058722e-03	-3.688044e-01	-5.327049e-02	5.681113e-01	-2.537988e-02	1.010545e-01	2.941027e-02	8.862797e-02	-5.008791e-02	-3.596373e-01	9.202063e-03	-4.431143e-01	-7.046742e-02	-1.260780e-01	5.180738e-04	9.315170e-01	0.000000e+00	4	3.363380e-02
1.644469e+00	3.012617e-01	4.106349e-02	1.402129e-01	8.376190e-01	-3.034847e-02	-4.246655e-01	-2.304818e-01	-8.098904e-02	-6.066010e-01	-1.082695e-01	-9.390411e-01	7.239756e-01	-6.414161e-01	1.486813e-01	-3.108165e-01	1.131934e-01	-3.903763e-02	1.051555e+00	1.829424e-02	0.000000e+00	4	4.719340e-02
5.977395e-01	5.708654e-01	5.078784e-01	4.430901e-01	3.495091e-01	3.746152e-01	-1.415423e-01	3.394505e-01	1.230380e-01	3.983399e-01	-1.969018e-01	1.736413e-01	1.226817e-01	3.172334e-01	-5.453024e-02	3.719524e-01	-1.089947e-01	1.022997e-01	-2.752393e-01	-3.145462e-02	0.000000e+00	4	2.354266e-01
2.049592e+00	2.114970e-01	1.786775e-02	2.479616e-02	8.257048e-01	9.340532e-02	5.750713e-02	-2.392978e-01	1.501074e-01	-7.972603e-01	-2.719907e-01	-7.408316e-01	2.791367e-01	-8.001865e-01	5.209852e-02	-5.283501e-01	4.210809e-01	-3.509520e-01	5.279045e-02	-2.295272e-02	0.000000e+00	4	1.786761e-02
2.007453e+00	2.407828e-01	1.786775e-02	2.479616e-02	8.257048e-01	9.340532e-02	-6.035341e-02	-2.392978e-01	1.501074e-01	-4.006150e-01	-2.719907e-01	-7.408316e-01	2.791367e-01	-8.842826e-01	-1.054540e-01	-5.283501e-01	4.210809e-01	-3.509520e-01	5.279045e-02	-2.533482e-01	0.000000e+00	4	1.013310e-01
2.152364e+00	1.704957e-01	1.780842e-02	2.479616e-02	8.257048e-01	9.334598e-02	5.593122e-02	-2.392978e-01	1.501138e-01	-4.555727e-01	-1.091932e-01	-7.366988e-01	2.791367e-01	-8.001865e-01	-9.583014e-02	-5.283501e-01	3.941820e-01	-3.355904e-01	5.279045e-02	-2.301858e-02	0.000000e+00	4	1.000000e+14
2.146390e+00	1.714115e-01	1.786775e-02	2.479616e-02	8.257048e-01	9.340532e-02	5.750713e-02	-2.392978e-01	1.501074e-01	-4.555727e-01	-2.719907e-01	-7.408316e-01	2.791367e-01	-8.001865e-01	-1.038421e-01	-5.283501e-01	4.210809e-01	-3.509520e-01	5.279045e-02	-2.295272e-02	0.000000e+00	4	3.067092e-02
2.146390e+00	1.714115e-01	1.786775e-02	2.479616e-02	8.257048e-01	9.340532e-02	5.750713e-02	-2.392978e-01	1.501074e-01	-4.555727e-01	-2.719907e-01	-7.408316e-01	2.791367e-01	-8.001865e-01	-1.038421e-01	-5.283501e-01	4.210809e-01	-3.509520e-01	5.279045e-02	-2.295272e-02	0.000000e+00	4	1.582065e-03
2.672431e-01	9.794159e-01	8.204269e-01	5.968868e-01	9.989581e-02	2.811849e-01	-4.623161e-02	1.719322e-01	1.878309e-01	-1.516829e-01	-3.709416e-01	8.707468e-02	-2.122720e-02	-2.684763e-01	4.350178e-02	-1.317698e-01	-1.584217e-02	4.445140e-03	3.986259e-02	-1.606867e-01	0.000000e+00	4	7.800421e-02
2.598117e-01	1.013062e+00	4.675509e-01	8.042627e-01	1.581675e-01	-9.804111e-02	-4.852323e-02	2.925580e-01	1.137847e-01	-2.286220e-01	1.322180e-02	1.215897e-01	-1.020735e-01	-1.235683e-01	4.350178e-02	-3.910644e-01	-1.520087e-02	4.445140e-03	-5.705836e-02	1.982405e-02	0.000000e+00	4	2.276043e-02
2.370928e-01	1.058106e+00	8.242019e-01	5.716946e-01	1.688634e-01	2.427689e-01	-9.541751e-02	3.911101e-02	1.131026e-01	-3.698269e-02	6.901122e-02	1.716727e-01	-5.832229e-02	-4.244262e-01	1.846585e-01	-2.720538e-01	1.128040e-01	5.434459e-02	4.888157e-02	1.551892e-01	0.000000e+00	4	3.061690e-02
2.993950e-02	1.754364e+00	4.466631e-01	9.388142e-01	6.206467e-03	-2.514347e-01	-9.198666e-02	4.450426e-01	-1.003037e-02	3.671060e-01	1.319805e-02	4.830374e-02	-1.004281e-01	4.178555e-01	-1.154930e-02	-4.431143e-01	-7.046742e-02	2.660170e-03	9.757429e-04	6.601001e-02	0.000000e+00	4	1.643111e-01
8.038558e-02	1.182485e+00	6.925541e-01	4.555496e-01	4.656963e-02	7.063664e-02	-1.240372e-01	1.035414e-02	-3.308392e-02	5.369347e-02	-1.194607e-01	1.251361e-01	-1.107883e-01	2.686157e-01	-7.379834e-02	-3.483928e-01	-5.091327e-02	-2.911045e-01	-3.712134e-02	-5.177716e-02	0.000000e+00	4	3.598718e-02
4.628097e-01	6.217620e-01	5.699753e-01	4.596802e-01	3.380973e-01	3.681161e-01	1.010068e-01	3.101652e-01	-2.847832e-02	5.095921e-02	3.199333e-02	2.342155e-01	-1.691905e-01	3.293403e-01	-7.387697e-02	3.527172e-01	-6.725742e-02	1.446113e-01	-6.656592e-02	1.363136e-01	0.000000e+00	5	3.976923e-02
3.098526e-02	2.282538e+00	1.069810e+00	2.916019e-02	5.367388e-03	3.704344e-01	-4.480004e-03	-4.654965e-01	6.107544e-02	7.138954e-02	2.321164e-02	-8.095341e-01	-1.264355e-01	-4.628901e-01	8.416433e-03	6.073709e-02	-6.552867e-02	-3.580510e-02	3.981542e-02	2.195753e-01	0.000000e+00	5	6.705689e-02
4.356436e-01	6.302178e-01	5.195476e-01	1.846731e-01	3.273080e-01	2.508548e-01	3.029822e-01	-1.470551e-02	1.531994e-01	2.439424e-01	-4.303031e-02	3.527767e-02	5.061127e-02	3.915766e-01	-1.031536e-01	4.073812e-01	2.421181e-02	1.476849e-01	-4.292525e-01	-1.959235e-02	0.000000e+00	5	1.428814e-02
4.228487e-01	8.543641e-01	7.858344e-01	4.274494e-01	2.779904e-01	2.507924e-01	9.257687e-02	-1.470551e-02	1.531994e-01	1.306030e-01	-4.303031e-02	3.250509e-01	9.172311e-02	3.771301e-01	-7.851056e-02	4.073812e-01	1.415002e-02	1.476849e-01	-2.391627e-01	-1.959235e-02	0.000000e+00	5	6.390245e-02
2.523311e-02	2.546099e+00	4.592790e-01	1.060250e+00	5.598495e-03	-2.397466e-01	-1.454314e-03	5.658363e-01	1.132822e-01	3.535294e-01	2.380547e-02	5.780529e-02	-5.086909e-02	-2.367452e-01	1.449029e-02	3.164650e-01	-6.651844e-02	-1.260780e-01	9.757429e-04	9.403704e-01	0.000000e+00	5	2.291761e-02
1.706663e+00	3.055796e-01	3.278706e-02	4.184949e-02	8.257420e-01	1.078560e-01	-1.045295e+00	-2.226053e-01	-4.214422e-03	-6.038427e-01	-7.673316e-02	-8.796193e-01	5.053769e-01	-7.769641e-01	9.332606e-02	-3.875005e-01	3.310491e-01	-1.990720e-01	1.051555e+00	-3.425950e-01	0.000000e+00	5	3.172235e-02
2.008974e+00	2.409104e-01	5.160674e-02	4.155165e-02	8.291012e-01	8.457684e-02	5.520442e-02	-2.547995e-01	1.518161e-01	-5.896531e-01	-1.960754e-01	-6.155052e-01	2.791367e-01	-8.001865e-01	2.796306e-01	-5.260022e-01	4.259890e-01	-4.471302e-02	-1.054757e-03	-3.492572e-02	0.000000e+00	5	6.161564e-02
2.414764e-01	1.068319e+00	7.918326e-01	5.120400e-01	9.719922e-02	2.505107e-01	2.577109e-02	8.849798e-02	1.793929e-01	-4.349341e-02	-6.109394e-02	8.707468e-02	-8.481591e-02	-2.684763e-01	2.153803e-01	3.154920e-01	1.390708e-02	-3.796688e-02	1.123030e-02	-1.342597e-02	0.000000e+00	5	3.554471e-02
9.308302e-02	1.274028e+00	8.600007e-01	5.177131e-01	4.656963e-02	2.380832e-01	-8.485873e-02	7.251757e-02	-1.964630e-02	4.906143e-02	-1.202116e-01	1.251361e-01	-1.102566e-01	3.754788e-01	-9.977798e-02	2.769731e-01	-6.580158e-02	-3.344264e-01	1.065445e-01	-1.358712e-02	0.000000e+00	5	1.931109e-02
3.850507e-02	1.547101e+00	4.191024e-01	8.032782e-01	1.047174e-02	-2.722261e-01	-1.122381e-02	3.141875e-01	-4.132680e-02	1.048156e-01	2.898083e-02	-2.834646e-02	3.038164e-02	-2.699720e-01	9.406433e-03	-4.026346e-01	-5.800816e-02	-1.245659e-01	1.366268e-01	3.557411e-01	0.000000e+00	5	2.012133e-02
1.704424e+00	3.315619e-01	4.106349e-02	1.402129e-01	8.376190e-01	-3.034847e-02	-4.246655e-01	-2.304818e-01	-8.098904e-02	-6.066010e-01	1.695432e-01	-8.569407e-01	7.239756e-01	-3.315957e-01	1.486813e-01	-3.108165e-01	1.131934e-01	-3.903763e-02	1.051555e+00	1.829424e-02	0.000000e+00	5	1.707002e-02
2.801158e-01	9.921953e-01	8.204269e-01	5.968868e-01	9.989581e-02	2.811849e-01	-2.071997e-02	1.719322e-01	1.878309e-01	-1.516829e-01	-3.709416e-01	1.343204e-01	-1.174375e-01	-2.684763e-01	4.350178e-02	-1.317698e-01	-1.584217e-02	4.445140e-03	1.206465e-01	-1.606867e-01	0.000000e+00	5	3.821627e-02
1.797310e-02	2.903467e+00	5.813120e-01	7.964293e-01	4.989576e-03	-1.186332e-01	1.904260e-02	3.013783e-01	6.634984e-03	3.157985e-01	2.424936e-02	1.684421e-01	3.142621e-02	-2.731488e-01	4.657014e-02	5.327822e-01	-9.629749e-02	-6.125261e-01	3.694343e-03	9.749211e-01	0.000000e+00	5	1.000000e+14
1.632699e+00	4.766669e-01	3.489694e-02	4.030080e-02	8.270601e-01	9.340532e-02	-2.662052e-01	-2.368244e-01	1.341366e-01	-4.587247e-01	-6.637634e-02	-5.963925e-01	-6.562634e-02	-8.001865e-01	5.124670e-02	-5.264936e-01	1.490851e-01	1.537557e-01	2.256815e-01	1.872145e-01	0.000000e+00	5	4.071057e-02
1.546729e+00	5.276194e-01	5.294727e-02	2.247987e-01	4.225783e-01	1.375176e-01	-3.334056e-02	1.215509e-01	1.858743e-01	5.111228e-02	-1.205237e-01	-1.775083e-02	2.595159e-01	-3.885892e-01	-7.877872e-02	-3.354172e-01	3.938001e-01	-3.408526e-01	-3.957225e-01	-1.538100e-02	0.000000e+00	5	2.605776e-01
1.028451e-01	1.181033e+00	4.841998e-01	7.193336e-01	6.697374e-02	-9.804111e-02	-4.852323e-02	2.925580e-01	1.137847e-01	-2.286220e-01	1.322180e-02	1.215897e-01	-1.020735e-01	5.457342e-02	-1.248887e-01	-3.910644e-01	-1.520087e-02	4.445140e-03	-5.705836e-02	3.469360e-02	0.000000e+00	5	4.543321e-02
5.732638e-01	5.894609e-01	5.194852e-01	1.846731e-01	3.273080e-01	2.507924e-01	9.257687e-02	-1.470551e-02	4.142496e-01	1.306030e-01	-4.303031e-02	3.250509e-01	9.172311e-02	3.771301e-01	1.841159e-01	4.073812e-01	1.415002e-02	1.476849e-01	-2.391627e-01	-1.959235e-02	0.000000e+00	5	4.064079e-02
3.288424e-02	1.974852e+00	1.007717e+00	7.891249e-01	2.228441e-02	3.372382e-01	-1.122381e-02	3.141875e-01	-4.552334e-02	1.048156e-01	2.898083e-02	-6.402313e-01	3.038164e-02	-2.818707e-01	5.559506e-03	-4.041657e-01	-5.886418e-02	-4.799380e-02	3.688156e-02	3.523855e-01	0.000000e+00	5	5.675620e-02
3.288424e-02	1.974852e+00	1.007717e+00	7.891249e-01	2.228441e-02	3.372382e-01	-1.122381e-02	3.141875e-01	-4.552334e-02	1.048156e-01	2.898083e-02	-6.402313e-01	3.038164e-02	-2.818707e-01	5.559506e-03	-4.041657e-01	-5.886418e-02	-4.799380e-02	3.688156e-02	3.523855e-01	0.000000e+00	5	2.923297e-02
5.977395e-01	5.727912e-01	5.078784e-01	4.430901e-01	3.495091e-01	3.746152e-01	-1.415423e-01	3.394505e-01	1.230380e-01	3.983399e-01	-1.969018e-01	1.736413e-01	1.226817e-01	3.172334e-01	-5.453024e-02	3.719524e-01	-1.089947e-01	1.022997e-01	-2.752393e-01	-1.552533e-02	0.000000e+00	5	2.398660e-01
8.710614e-02	1.286146e+00	8.600007e-01	5.177131e-01	4.656963e-02	2.380832e-01	-8.485873e-02	7.251757e-02	-1.964630e-02	4.906143e-02	-1.202116e-01	1.251361e-01	-3.819756e-02	3.754788e-01	-9.977798e-02	2.769731e-01	-6.580158e-02	-3.344264e-01	1.065445e-01	8.244949e-02	0.000000e+00	5	1.557400e-02
9.181528e-02	1.274219e+00	8.600007e-01	5.177131e-01	4.656963e-02	2.380832e-01	-8.485873e-02	7.251757e-02	-1.964630e-02	4.905106e-02	-1.129603e-01	1.251361e-01	-1.107883e-01	3.754788e-01	-9.977798e-02	2.769731e-01	-6.580158e-02	-3.344264e-01	1.065445e-01	-4.914320e-02	0.000000e+00	5	3.621097e-03
9.308302e-02	1.274028e+00	8.600007e-01	5.177131e-01	4.656963e-02	2.380832e-01	-8.485873e-02	7.251757e-02	-1.964630e-02	4.906143e-02	-1.202116e-01	1.251361e-01	-1.102566e-01	3.754788e-01	-9.977798e-02	2.769731e-01	-6.580158e-02	-3.344264e-01	1.065445e-01	-1.358712e-02	0.000000e+00	5	0.000000e+00
1.644687e+00	4.308372e-01	3.489694e-02	4.030080e-02	8.270601e-01	9.340532e-02	-2.662052e-01	-2.368244e-01	1.341366e-01	-6.392070e-01	-6.637634e-02	-5.963925e-01	-6.562634e-02	-8.001865e-01	5.124670e-02	-5.264936e-01	1.490851e-01	1.537557e-01	2.110903e-01	1.082500e-01	0.000000e+00	5	1.335988e-02
1.644687e+00	4.308372e-01	3.489694e-02	4.030080e-02	8.270601e-01	9.340532e-02	-2.662052e-01	-2.368244e-01	1.341366e-01	-6.392070e-01	-6.637634e-02	-5.963925e-01	-6.562634e-02	-8.001865e-01	5.124670e-02	-5.264936e-01	1.490851e-01	1.537557e-01	2.110903e-01	1.082500e-01	0.000000e+00	5	2.990006e-03
1.799728e+00	2.804884e-01	1.287174e-01	2.479616e-02	8.257048e-01	2.042550e-01	-3.303884e-01	-2.392978e-01	-2.168408e-02	-4.556574e-01	-6.637634e-02	-7.288950e-01	-8.604091e-02	-8.444715e-01	5.441718e-02	-4.403896e-01	-6.763637e-02	-4.712869e-01	5.393254e-02	-2.118259e-02	0.000000e+00	5	5.059433e-02
1.665866e+00	4.298781e-01	1.325467e-01	3.456667e-02	8.262633e-01	2.010607e-01	-1.123233e-01	-2.349221e-01	-3.431333e-02	-6.326562e-01	-7.232856e-02	-7.408316e-01	2.516467e-01	-7.572663e-01	5.209852e-02	-5.254310e-01	4.753106e-01	1.225206e-01	5.599668e-02	-1.440252e-01	0.000000e+00	5	5.265976e-03
1.889454e+00	2.636203e-01	1.287174e-01	2.479616e-02	8.257048e-01	2.042550e-01	-1.971405e-01	-2.392978e-01	-2.130159e-02	-4.556574e-01	-6.637634e-02	-7.408316e-01	-8.604091e-02	-8.157245e-01	5.209852e-02	-5.283501e-01	-6.741250e-02	-4.712869e-01	5.393254e-02	-2.118259e-02	0.000000e+00	5	5.636942e-02
1.687548e+00	3.743300e-01	4.106349e-02	1.480910e-01	8.376190e-01	-3.034847e-02	-1.093946e+00	-2.226037e-01	-8.098904e-02	-6.066010e-01	1.244212e-01	-8.569407e-01	5.120384e-01	-6.414161e-01	9.332606e-02	-3.108165e-01	3.310491e-01	5.913643e-03	1.051555e+00	3.551624e-01	0.000000e+00	5	5.090447e-03
1.687548e+00	3.743300e-01	4.106349e-02	1.480910e-01	8.376190e-01	-3.034847e-02	-1.093946e+00	-2.226037e-01	-8.098904e-02	-6.066010e-01	1.244212e-01	-8.569407e-01	5.120384e-01	-6.414161e-01	9.332606e-02	-3.108165e-01	3.310491e-01	5.913643e-03	1.051555e+00	3.551624e-01	0.000000e+00	5	1.016598e-02
1.687548e+00	3.743300e-01	4.106349e-02	1.480910e-01	8.376190e-01	-3.034847e-02	-1.093946e+00	-2.226037e-01	-8.098904e-02	-6.066010e-01	1.244212e-01	-8.569407e-01	5.120384e-01	-6.414161e-01	9.332606e-02	-3.108165e-01	3.310491e-01	5.913643e-03	1.051555e+00	3.551624e-01	0.000000e+00	5	0.000000e+00
2.557669e-02	2.519151e+00	4.592790e-01	1.060714e+00	5.598495e-03	-2.397466e-01	-1.454314e-03	5.662994e-01	1.122149e-01	1.010545e-01	2.658936e-02	6.270402e-02	-5.174702e-02	-2.367452e-01	9.202063e-03	-4.431143e-01	-7.046742e-02	-1.676974e-02	9.757429e-04	9.403704e-01	0.000000e+00	5	3.928468e-02
1.687548e+00	3.743300e-01	4.106349e-02	1.480910e-01	8.376190e-01	-3.034847e-02	-1.093946e+00	-2.226037e-01	-8.098904e-02	-6.066010e-01	1.244212e-01	-8.569407e-01	5.120384e-01	-6.414161e-01	9.332606e-02	-3.108165e-01	3.310491e-01	5.913643e-03	1.051555e+00	3.551624e-01	0.000000e+00	5	1.178928e-02
9.308302e-02	1.274028e+00	8.600007e-01	5.177131e-01	4.656963e-02	2.380832e-01	-8.485873e-02	7.251757e-02	-1.964630e-02	4.906143e-02	-1.202116e-01	1.251361e-01	-1.102566e-01	3.754788e-01	-9.977798e-02	2.769731e-01	-6.580158e-02	-3.344264e-01	1.065445e-01	-1.358712e-02	0.000000e+00	5	3.327493e-04
2.974859e-02	2.337236e+00	4.020994e-01	7.963267e-01	5.494668e-03	-2.970837e-01	1.108008e-02	3.018035e-01	1.334510e-01	1.010545e-01	2.658936e-02	4.830374e-02	2.923725e-02	-2.373101e-01	-1.940536e-02	-4.431143e-01	-7.046742e-02	-1.260780e-01	-2.892170e-02	9.403704e-01	0.000000e+00	5	4.457285e-02
3.820197e-02	1.572679e+00	3.779120e-01	8.032782e-01	1.047174e-02	-3.134166e-01	-1.122381e-02	3.141875e-01	-4.552334e-02	1.048156e-01	2.898083e-02	-2.834646e-02	3.038164e-02	-2.718992e-01	5.559506e-03	-4.026346e-01	-5.800816e-02	-1.245659e-01	1.345737e-01	3.557411e-01	0.000000e+00	5	5.037053e-02
1.665866e+00	4.298781e-01	1.325467e-01	3.456667e-02	8.262633e-01	2.010607e-01	-1.123233e-01	-2.349221e-01	-3.431333e-02	-6.326562e-01	-7.232856e-02	-7.408316e-01	2.516467e-01	-7.572663e-01	5.209852e-02	-5.254310e-01	4.753106e-01	1.225206e-01	5.599668e-02	-1.440252e-01	0.000000e+00	5	1.513844e-02
2.124585e+00	2.285844e-01	9.039278e-03	9.294436e-03	8.257048e-01	8.457684e-02	5.750713e-02	-2.547995e-01	1.501404e-01	-5.896531e-01	-1.869536e-01	-6.155052e-01	2.791367e-01	-8.001865e-01	2.796306e-01	-5.260022e-01	4.259890e-01	-4.314373e-02	-5.253365e-02	-3.962006e-02	0.000000e+00	5	4.527612e-02
4.121042e-01	9.839562e-01	6.715106e-01	5.964842e-01	9.902489e-02	1.316291e-01	-4.623161e-02	1.720173e-01	9.730106e-02	7.228848e-02	-1.209598e-01	1.036497e-01	2.644479e-01	-3.880774e-01	4.350178e-02	-1.375530e-01	-1.584217e-02	6.486756e-03	-3.928105e-01	-1.297062e-01	0.000000e+00	5	4.352240e-02
3.716205e-02	1.820608e+00	1.106680e+00	8.913328e-01	1.228864e-02	4.183673e-01	-7.994569e-02	4.043194e-01	9.694982e-02	-2.172333e-01	-1.230641e-02	2.678718e-01	-5.928303e-02	-1.506160e-01	-3.184537e-02	3.417689e-01	-5.212452e-02	-5.072192e-01	-6.442846e-02	4.725468e-02	0.000000e+00	5	7.485125e-02
2.147645e+00	1.714115e-01	1.786775e-02	2.479616e-02	8.257048e-01	9.340532e-02	5.750713e-02	-2.392978e-01	1.501074e-01	-4.555727e-01	-2.719907e-01	-7.408316e-01	2.791367e-01	-8.001865e-01	-1.054540e-01	-5.283501e-01	4.210809e-01	-3.509520e-01	5.279045e-02	-2.295272e-02	0.000000e+00	5	1.000000e+14
3.406334e-01	9.867052e-01	8.530779e-01	6.033585e-01	1.877433e-01	2.427689e-01	-4.926725e-02	3.911101e-02	-1.490320e-01	-3.119803e-02	-6.023867e-02	1.996365e-01	-7.177564e-03	-2.238999e-01	-6.659653e-02	7.853619e-02	-1.217385e-01	5.434459e-02	3.974724e-02	1.551892e-01	0.000000e+00	5	3.249582e-02
1.745320e-01	1.130263e+00	8.716342e-01	6.044885e-01	9.012424e-02	3.234933e-01	-1.235759e-01	1.832825e-01	1.833067e-01	2.656917e-01	7.111409e-03	3.470702e-01	-2.083875e-02	-1.289828e-01	-1.243187e-01	-1.299303e-01	-1.212645e-02	4.445140e-03	-6.289079e-02	-1.586585e-01	0.000000e+00	5	4.063419e-02
2.075190e-01	1.093285e+00	4.422184e-01	6.861474e-01	9.852891e-02	-9.804111e-02	-4.852323e-02	2.619449e-01	1.137847e-01	-2.286220e-01	1.645089e-01	1.215897e-01	-1.020735e-01	-1.235683e-01	4.350178e-02	-3.910644e-01	-1.520087e-02	4.445140e-03	-5.705836e-02	3.469360e-02	0.000000e+00	5	2.705347e-02
2.133986e-02	2.638940e+00	4.020978e-01	9.395647e-01	5.495737e-03	-2.970837e-01	-9.198666e-02	4.450426e-01	-1.003037e-02	3.671060e-01	2.658936e-02	4.830374e-02	3.584086e-02	-2.367452e-01	-1.154930e-02	-4.431143e-01	-7.046742e-02	-1.003157e-01	9.757429e-04	9.817440e-01	0.000000e+00	5	4.920208e-02
2.133986e-02	2.638940e+00	4.020978e-01	9.395647e-01	5.495737e-03	-2.970837e-01	-9.198666e-02	4.450426e-01	-1.003037e-02	3.671060e-01	2.658936e-02	4.830374e-02	3.584086e-02	-2.367452e-01	-1.154930e-02	-4.431143e-01	-7.046742e-02	-1.003157e-01	9.757429e-04	9.817440e-01	0.000000e+00	5	1.790509e-02
4.292168e-01	6.567392e-01	3.051503e-01	6.711698e-01	3.010408e-01	-1.193797e-01	2.663564e-02	3.387098e-01	7.495747e-02	2.305492e-01	1.017155e-02	1.736413e-01	1.226817e-01	8.348338e-02	4.573236e-02	2.907427e-01	-1.698275e-01	2.830088e-01	-1.131352e-02	-4.315821e-02	0.000000e+00	5	4.402551e-02
4.853539e-02	1.451232e+00	5.444598e-01	2.488221e-01	1.439946e-03	-1.606499e-01	2.905636e-02	-2.498013e-01	-2.115408e-02	-5.570060e-02	-1.155147e-01	4.514661e-01	-1.674578e-01	3.495070e-01	5.448439e-02	1.901931e-01	8.106237e-03	2.197290e-02	3.576866e-02	-3.960345e-02	0.000000e+00	5	8.740293e-03
4.851651e-02	1.475966e+00	5.919117e-01	2.816910e-01	2.254590e-02	-7.807616e-02	-7.371656e-03	-1.929200e-01	-4.435837e-02	-5.356346e-02	-1.194868e-01	2.606451e-02	3.125093e-02	5.664508e-01	5.448439e-02	1.945599e-01	8.106237e-03	3.155192e-01	3.576866e-02	1.361236e-01	0.000000e+00	5	1.990003e-02
5.636227e-02	1.438273e+00	1.058285e+00	7.959450e-01	6.039613e-03	3.599316e-01	-2.703552e-02	3.019963e-01	2.267159e-02	5.369347e-02	-1.205269e-01	-4.984478e-02	3.588925e-02	1.645691e-02	1.008729e-01	-3.364118e-01	1.109080e-01	-2.403757e-02	8.928027e-02	3.343026e-01	0.000000e+00	5	2.047595e-02
5.636227e-02	1.438273e+00	1.058285e+00	7.959450e-01	6.039613e-03	3.599316e-01	-2.703552e-02	3.019963e-01	2.267159e-02	5.369347e-02	-1.205269e-01	-4.984478e-02	3.588925e-02	1.645691e-02	1.008729e-01	-3.364118e-01	1.109080e-01	-2.403757e-02	8.928027e-02	3.343026e-01	0.000000e+00	5	4.209335e-03
6.556580e-02	1.325643e+00	9.207589e-01	2.298400e-01	2.443259e-02	2.543479e-01	-3.408032e-02	-2.424077e-01	1.511695e-01	1.308080e-01	1.503015e-02	2.122258e-01	1.003496e-01	-1.293900e-01	4.323109e-02	4.141829e-01	-4.080832e-02	-1.059472e-01	-2.313639e-02	1.382676e-02	0.000000e+00	5	1.458305e-02
5.938355e-02	1.330266e+00	9.213275e-01	8.843769e-01	2.413459e-02	2.543479e-01	-3.408032e-02	4.117549e-01	1.308555e-01	1.308080e-01	1.503015e-02	-2.421664e-02	9.970502e-02	-1.293900e-01	4.323109e-02	3.522831e-01	-4.080832e-02	-1.059472e-01	-2.120200e-02	1.382676e-02	0.000000e+00	5	2.277335e-02
2.150433e+00	1.714115e-01	1.786775e-02	2.479616e-02	8.257048e-01	9.340532e-02	5.750713e-02	-2.392978e-01	1.501074e-01	-4.555727e-01	-2.514973e-01	-7.408316e-01	2.791367e-01	-8.001865e-01	-1.054540e-01	-5.283501e-01	3.941820e-01	-3.509520e-01	5.279045e-02	-2.295272e-02	0.000000e+00	6	1.000000e+14
1.801367e-02	3.922112e+00	3.030696e-01	1.060116e+00	5.005380e-03	-3.968518e-01	2.380154e-02	5.650811e-01	-2.143350e-02	-4.557447e-01	-2.955969e-03	-7.270781e-01	-8.956517e-02	-8.008011e-01	-9.252369e-03	8.619469e-01	-6.667997e-02	-5.697283e-01	9.155112e-03	-1.302599e-02	0.000000e+00	6	1.000000e+14
7.691221e-01	5.792308e-01	3.518540e-01	1.846731e-01	3.273080e-01	8.316119e-02	1.595368e-01	-1.470551e-02	1.433304e-01	1.740363e-01	2.368311e-01	1.248033e-01	5.870114e-01	2.644300e-01	-7.851056e-02	4.752906e-01	-2.102158e-01	1.476849e-01	-5.226558e-02	3.159621e-02	0.000000e+00	6	2.230253e-01
1.546729e+00	5.495207e-01	5.294727e-02	2.247987e-01	4.225783e-01	1.375176e-01	-3.334056e-02	1.215509e-01	1.858743e-01	5.111228e-02	-1.205237e-01	-9.160910e-02	2.595159e-01	-3.885892e-01	-7.877872e-02	-3.354172e-01	3.938001e-01	-1.846508e-01	-3.957225e-01	-1.538100e-02	0.000000e+00	6	2.077513e-01
1.822876e-02	2.915301e+00	3.340252e-01	1.060116e+00	5.005380e-03	-3.658963e-01	2.380154e-02	5.650811e-01	6.634984e-03	1.145848e-01	-2.955969e-03	1.684421e-01	-3.796382e-02	-8.009294e-01	-1.152390e-02	5.327822e-01	-1.096658e-01	-5.697283e-01	3.694343e-03	4.246332e-01	0.000000e+00	6	1.624255e-01
2.067927e+00	2.510548e-01	1.786775e-02	2.479616e-02	8.257048e-01	9.340532e-02	5.750713e-02	-2.392978e-01	1.501074e-01	-4.555727e-01	-1.135172e-01	-7.408316e-01	2.791367e-01	-9.646092e-01	7.466876e-02	-5.283501e-01	4.158860e-01	-3.509520e-01	3.652352e-02	-2.295272e-02	0.000000e+00	6	7.055387e-02
4.669669e-01	6.313341e-01	3.224151e-01	1.626650e-01	3.320487e-01	8.316119e-02	1.595368e-01	-1.417907e-02	1.433304e-01	1.879796e-01	3.162323e-02	3.181029e-01	9.172311e-02	4.494448e-01	-7.851056e-02	4.752906e-01	1.072928e-01	1.476849e-01	-2.177527e-01	1.403612e-01	0.000000e+00	6	5.624153e-02
1.889454e+00	2.665749e-01	1.287174e-01	2.479616e-02	8.257048e-01	2.042550e-01	-1.971405e-01	-2.392978e-01	-2.130159e-02	-4.556574e-01	-6.637634e-02	-5.510896e-01	-8.604091e-02	-8.157245e-01	5.209852e-02	-5.283501e-01	-6.741250e-02	-4.712869e-01	5.393254e-02	-2.118259e-02	0.000000e+00	6	4.872848e-02
6.133875e-01	5.808737e-01	4.692743e-01	4.201863e-01	3.562973e-01	3.746152e-01	-1.415423e-01	3.394505e-01	1.230380e-01	3.983399e-01	-1.969018e-01	1.736413e-01	1.226817e-01	3.172334e-01	-5.453024e-02	3.719524e-01	-1.089947e-01	1.022997e-01	-2.752393e-01	-1.552533e-02	0.000000e+00	6	4.620891e-02
4.592788e-02	1.732787e+00	1.042471e+00	7.540746e-01	2.264944e-02	3.726781e-01	-7.267367e-03	2.795929e-01	-1.442470e-02	4.435563e-02	-4.534069e-02	-6.402313e-01	1.148370e-01	-2.184683e-01	-5.450142e-02	2.716054e-01	-3.883274e-02	1.533180e-01	3.981542e-02	-1.715698e-02	0.000000e+00	6	4.599975e-02
4.175652e-01	9.847698e-01	6.715106e-01	5.964842e-01	9.902489e-02	1.316291e-01	-4.623161e-02	1.720173e-01	1.124123e-01	7.228848e-02	-1.209598e-01	1.036497e-01	2.644479e-01	-3.880774e-01	4.350178e-02	-1.375530e-01	-1.584217e-02	6.486756e-03	-3.928105e-01	-1.477511e-02	0.000000e+00	6	4.468131e-02
3.860369e-02	1.788619e+00	1.021711e+00	1.058940e+00	5.748690e-03	3.229132e-01	-2.586536e-02	5.646840e-01	-6.358690e-02	4.759864e-01	1.503015e-02	8.324490e-02	-1.430812e-01	-1.358866e-01	-9.108864e-04	3.522831e-01	-6.645055e-02	-1.081085e-01	-6.361677e-02	1.372747e-02	0.000000e+00	6	4.403281e-02
4.853539e-02	1.461025e+00	5.444598e-01	2.488221e-01	1.439946e-03	-1.606499e-01	2.905636e-02	-2.498013e-01	-2.115408e-02	-5.570060e-02	-1.155147e-01	4.514661e-01	-1.674578e-01	3.495070e-01	5.448439e-02	1.901931e-01	8.106237e-03	1.016919e-01	3.576866e-02	-3.960345e-02	0.000000e+00	6	4.171829e-02
5.778647e-01	5.894609e-01	5.194852e-01	1.846731e-01	3.273080e-01	2.507924e-01	-1.422958e-01	-1.470551e-02	1.531994e-01	1.306030e-01	-4.303031e-02	3.250509e-01	9.172311e-02	3.771301e-01	-7.851056e-02	4.073812e-01	-3.087581e-01	1.476849e-01	1.153383e-02	-1.959235e-02	0.000000e+00	6	4.105883e-02
3.113356e-02	2.294182e+00	4.045461e-01	7.925688e-01	1.978406e-04	-3.022897e-01	1.232863e-02	2.927554e-01	1.280243e-01	-2.354228e-01	-4.407029e-02	8.045902e-02	-9.846304e-02	-1.552239e-01	-1.967258e-02	-5.305463e-01	-1.520087e-02	7.749405e-02	-4.679060e-02	8.624653e-01	0.000000e+00	6	3.773287e-02
2.447393e-02	2.715057e+00	4.623920e-01	1.064681e+00	3.510291e-03	-2.397466e-01	-1.454314e-03	5.681113e-01	1.122149e-01	3.552109e-01	-3.714768e-02	2.544615e-01	-5.074453e-02	-2.367452e-01	9.202063e-03	-4.431143e-01	-7.046742e-02	-1.260780e-01	9.757429e-04	9.403704e-01	0.000000e+00	6	3.681412e-02
1.064785e-01	1.191716e+00	4.841998e-01	7.193336e-01	6.697374e-02	-9.804111e-02	-4.852323e-02	2.925580e-01	1.137847e-01	-2.286220e-01	1.322180e-02	1.215897e-01	-1.020735e-01	-1.235683e-01	4.350178e-02	-3.910644e-01	-1.520087e-02	4.445140e-03	-5.705836e-02	3.469360e-02	0.000000e+00	6	3.645239e-02
3.406334e-01	9.870523e-01	8.530779e-01	6.033585e-01	1.877433e-01	2.427689e-01	-4.926725e-02	3.911101e-02	-1.490320e-01	-3.119803e-02	-6.023867e-02	1.996365e-01	-7.177564e-03	-2.238999e-01	-6.659653e-02	7.853619e-02	-1.217385e-01	5.434459e-02	3.974724e-02	1.569611e-01	0.000000e+00	6	3.570034e-02
1.781395e-01	1.130263e+00	8.716342e-01	6.044885e-01	9.012424e-02	3.234933e-01	-1.235759e-01	1.832825e-01	1.833067e-01	2.656917e-01	7.111409e-03	3.470702e-01	8.235630e-03	-1.289828e-01	-1.243187e-01	-1.299303e-01	-1.212645e-02	4.445140e-03	-6.289079e-02	-1.586585e-01	0.000000e+00	6	3.538196e-02
3.708168e-02	2.047535e+00	1.007769e+00	7.763222e-01	2.225701e-02	3.372382e-01	-1.122381e-02	3.013506e-01	-4.552334e-02	1.263401e-01	-4.426593e-02	-6.402313e-01	3.038164e-02	-5.113775e-01	-7.918437e-02	2.615797e-01	-5.886418e-02	-4.799380e-02	3.688156e-02	3.405530e-01	0.000000e+00	6	3.480736e-02
4.373812e-01	8.220491e-01	8.309090e-01	7.075450e-02	3.273080e-01	5.622162e-01	8.630957e-02	-1.286241e-01	1.531994e-01	1.306030e-01	-4.303031e-02	2.927834e-01	9.172311e-02	3.771301e-01	-2.403242e-01	3.274141e-01	1.415002e-02	1.476849e-01	-2.391627e-01	-1.959235e-02	0.000000e+00	6	3.404278e-02
1.625805e+00	5.276194e-01	5.294727e-02	2.247987e-01	4.225783e-01	1.375176e-01	-3.334056e-02	1.215509e-01	1.858743e-01	5.111228e-02	-1.205237e-01	-1.775083e-02	2.595159e-01	-3.885892e-01	-7.877872e-02	-3.354172e-01	3.938001e-01	-3.408526e-01	-4.910592e-01	-1.538100e-02	0.000000e+00	6	3.403651e-02
2.763306e-02	2.524665e+00	1.421926e+00	2.300342e-01	1.576131e-03	7.170079e-01	1.217407e-01	-2.684567e-01	-4.519933e-02	6.572495e-01	-3.037193e-02	1.974740e-01	4.196612e-02	3.833925e-01	-1.105670e-02	5.583699e-01	-5.553160e-02	6.484711e-02	-6.114566e-02	-1.091059e-01	0.000000e+00	6	3.247659e-02
4.501187e-01	7.866594e-01	2.834727e-01	6.719105e-01	3.010408e-01	-1.410573e-01	2.488761e-02	3.394505e-01	1.096600e-01	-2.172255e-01	1.017155e-02	1.736413e-01	1.226817e-01	1.253579e-01	-5.453024e-02	4.186881e-01	-1.698275e-01	3.136345e-01	-3.942685e-01	-1.552533e-02	0.000000e+00	6	3.236102e-02
3.486638e-02	2.254338e+00	1.686965e+00	2.556385e-01	1.478888e-02	1.002924e+00	-3.930781e-02	-2.284466e-01	-2.672628e-02	6.646592e-02	2.907990e-02	4.412143e-02	-5.872985e-02	3.725633e-01	-1.055103e-01	2.621051e-01	-7.207488e-02	-1.814394e-01	2.323872e-03	1.527259e-02	0.000000e+00	6	3.199706e-02
1.721638e+00	4.638362e-01	2.075073e-01	4.185102e-02	8.257420e-01	2.825763e-01	-1.048949e+00	-2.226037e-01	-4.214422e-03	-6.038427e-01	-3.811095e-01	-7.541750e-01	5.120384e-01	-6.398779e-01	9.356430e-02	-5.318828e-01	3.310491e-01	9.448285e-02	1.051555e+00	-1.023907e-02	0.000000e+00	6	3.129559e-02
1.644687e+00	4.664958e-01	3.489694e-02	4.030080e-02	8.270601e-01	9.340532e-02	-2.662052e-01	-2.368244e-01	1.341366e-01	-6.392070e-01	-6.637634e-02	-5.963925e-01	-6.562634e-02	-8.001865e-01	5.124670e-02	-5.264936e-01	1.490851e-01	1.537557e-01	2.110903e-01	1.872145e-01	0.000000e+00	6	3.097337e-02
2.147645e+00	1.914521e-01	1.786775e-02	2.479616e-02	8.257048e-01	9.340532e-02	5.750713e-02	-2.392978e-01	1.501074e-01	-4.555727e-01	-2.719907e-01	-7.408316e-01	2.791367e-01	-8.001865e-01	-1.054540e-01	-5.283501e-01	4.210809e-01	-3.509520e-01	5.279045e-02	-2.533482e-01	0.000000e+00	6	2.996285e-02
1.871873e+00	3.483021e-01	9.407592e-03	3.779924e-02	8.257048e-01	8.494516e-02	-2.566795e-01	-2.262947e-01	1.339191e-01	-6.572576e-01	-6.109364e-02	-7.408316e-01	2.791367e-01	-8.001865e-01	5.209852e-02	-5.471407e-01	4.257902e-01	-1.517185e-02	-5.253365e-02	1.926029e-01	0.000000e+00	6	2.641764e-02
3.583781e-02	2.062434e+00	1.043857e+00	7.540746e-01	2.264944e-02	3.740643e-01	-7.267367e-03	2.795929e-01	-1.442470e-02	4.435563e-02	-4.534069e-02	-6.402313e-01	3.309562e-02	-5.113775e-01	-7.880022e-02	2.863309e-01	-5.886418e-02	-4.799380e-02	3.981542e-02	3.405530e-01	0.000000e+00	6	2.581027e-02
2.489306e-02	2.650865e+00	4.592790e-01	1.062525e+00	5.598495e-03	-2.397466e-01	-1.454314e-03	5.681113e-01	1.122149e-01	3.552109e-01	1.050611e-02	6.270402e-02	-5.074453e-02	-2.367452e-01	9.202063e-03	-4.431143e-01	-7.046742e-02	-1.260780e-01	9.757429e-04	9.403704e-01	0.000000e+00	6	2.519101e-02
1.806207e+00	3.544187e-01	1.786775e-02	2.479616e-02	8.257048e-01	9.340532e-02	-1.971405e-01	-2.392978e-01	1.501074e-01	-4.555727e-01	-6.637634e-02	-7.408316e-01	2.516467e-01	-8.001865e-01	5.209852e-02	-5.283501e-01	3.453953e-01	9.036944e-02	5.279045e-02	-2.295272e-02	0.000000e+00	6	2.423992e-02
3.062686e-01	1.083429e+00	7.897527e-01	5.968868e-01	9.989581e-02	2.505107e-01	1.352484e-01	1.719322e-01	1.883653e-01	-3.534433e-02	-6.109394e-02	8.707468e-02	8.598874e-02	-2.684763e-01	2.153803e-01	3.154920e-01	1.390708e-02	4.445140e-03	3.670705e-02	-1.107154e-01	0.000000e+00	6	2.234645e-02
3.070033e-01	1.058106e+00	8.242019e-01	5.716946e-01	1.688634e-01	2.427689e-01	-9.541751e-02	3.911101e-02	1.131026e-01	-3.698269e-02	6.901122e-02	1.716727e-01	-5.832229e-02	-4.244262e-01	1.846585e-01	-2.720538e-01	1.128040e-01	5.434459e-02	-1.441354e-01	1.551892e-01	0.000000e+00	6	2.090559e-02
2.370928e-01	1.102770e+00	8.242019e-01	5.716946e-01	1.688634e-01	2.427689e-01	-9.541751e-02	3.911101e-02	1.131026e-01	-3.698269e-02	6.901122e-02	1.716727e-01	-5.832229e-02	-4.244262e-01	1.846585e-01	-2.720538e-01	1.128040e-01	-2.806474e-01	4.888157e-02	1.551892e-01	0.000000e+00	6	1.981453e-02
2.557669e-02	2.528028e+00	4.592790e-01	1.062525e+00	5.598495e-03	-2.397466e-01	-1.454314e-03	5.681113e-01	1.122149e-01	-1.317294e-02	2.658936e-02	6.270402e-02	-5.174702e-02	-2.367452e-01	9.202063e-03	-4.431143e-01	-7.046742e-02	-1.260780e-01	9.757429e-04	9.403704e-01	0.000000e+00	6	1.746594e-02
8.007127e-02	1.329501e+00	6.059282e-01	5.901349e-01	1.707652e-02	-7.408750e-02	-1.152784e-01	1.087906e-01	1.141936e-01	-2.599959e-01	1.122394e-02	1.251361e-01	-1.017417e-01	-3.098781e-01	-1.008625e-01	-3.845933e-01	-6.458843e-02	4.876705e-02	1.110741e-01	4.289627e-02	0.000000e+00	6	1.712046e-02
1.886033e+00	2.966543e-01	1.653580e-01	1.051020e-01	8.257048e-01	2.408956e-01	-1.966433e-01	-1.589919e-01	-2.707732e-02	-6.319901e-01	-6.637634e-02	-7.408316e-01	-9.303342e-02	-6.706000e-01	1.475022e-01	-5.283501e-01	-9.750361e-02	-1.586222e-01	5.393254e-02	-4.145899e-02	0.000000e+00	6	1.501729e-02
