# This file contains the data of final population
# of objectives = 2, # of constraints = 2, # of real_var = 16, # of bits of bin_var = 0, constr_violation, rank, crowding_distance
1.493965e-01	1.921684e+00	8.582827e-01	1.058553e+00	1.033923e-01	3.212944e-01	-4.160445e-02	6.313395e-01	-1.843935e-01	3.881669e-01	-2.216234e-01	-1.458610e-01	-1.613511e-01	-1.459613e-01	-1.845320e-02	-1.167080e-01	-6.476276e-02	-8.026625e-01	-4.335790e-02	-7.195494e-02	0.000000e+00	1	2.788373e-01
2.818870e-01	1.441960e+00	3.719069e-01	8.045770e-01	1.323469e-01	-1.662634e-01	-3.334207e-01	3.416792e-01	-2.272002e-01	1.192072e-01	-1.210111e-02	3.462917e-01	-9.275693e-04	-3.788128e-01	-1.680898e-01	-1.807717e-01	-1.633973e-01	-4.272690e-01	-2.687249e-02	2.746169e-01	0.000000e+00	1	3.369261e-02
3.535613e-01	1.095191e+00	2.936394e-01	7.596857e-01	1.218892e-01	-2.400438e-01	-3.661734e-01	3.128667e-01	-2.055200e-01	-1.931797e-01	-3.624947e-01	7.109868e-02	1.043747e-01	-2.296335e-02	9.097049e-02	-1.529171e-01	1.398980e-01	-3.823552e-01	1.608151e-01	-1.909640e-01	0.000000e+00	1	1.441308e-01
7.777950e-01	5.021088e-01	1.000446e-01	4.717931e-01	4.375945e-01	1.598017e-01	-2.560527e-01	2.990502e-01	-2.659406e-01	1.664351e-02	-1.711437e-01	1.088912e-01	1.720729e-01	-2.487767e-01	-3.696098e-01	-1.422499e-01	-1.799256e-01	-4.822048e-01	2.826664e-01	-1.211593e-01	0.000000e+00	1	2.062864e-01
9.567617e-02	9.398839e+00	1.749446e+00	1.722908e+00	2.890609e-02	1.091717e+00	1.080625e-01	1.256300e+00	-3.044461e-02	-6.363089e-01	-1.161536e-02	-1.803588e+00	-9.275693e-04	-9.901089e-01	-2.402192e-01	-7.695742e-01	-6.944951e-02	-6.189091e-01	5.353906e-02	-2.010027e-01	0.000000e+00	1	1.000000e+14
2.853081e-01	1.414704e+00	5.852728e-01	8.750874e-01	1.502965e-01	3.005988e-02	-2.671959e-01	3.789909e-01	-1.783737e-01	1.192072e-01	-2.315950e-01	3.462917e-01	9.192412e-03	-3.609717e-01	2.749879e-02	-2.442648e-01	-1.633973e-01	-4.580164e-01	-2.687249e-02	-1.910133e-01	0.000000e+00	1	2.989544e-02
5.789877e-01	9.064445e-01	6.082633e-01	4.276465e-01	3.471954e-01	4.614048e-01	2.170430e-01	3.154003e-01	-1.691833e-01	-6.594504e-02	-1.959305e-01	2.362594e-01	1.593050e-02	-2.884056e-01	2.221270e-02	1.204771e-01	-2.577212e-01	-6.509724e-02	-3.316776e-02	-1.172707e-01	0.000000e+00	1	1.844666e-01
1.079200e-01	6.357719e+00	8.529164e-01	8.055187e-01	4.423730e-03	1.521253e-01	-1.976241e-01	3.098819e-01	-3.044461e-02	-2.102945e-01	-1.161536e-02	-1.801789e+00	-9.275693e-04	-9.901089e-01	-2.402192e-01	4.200409e-01	-6.944951e-02	8.669646e-01	2.975123e-02	-1.843741e-01	0.000000e+00	1	3.542507e-01
9.851257e-01	4.563005e-01	1.759962e-01	4.628959e-01	4.168465e-01	2.634473e-01	-2.695243e-01	3.806210e-01	-5.858401e-01	3.936090e-01	-1.124154e-01	-4.305566e-02	-2.618241e-02	-1.316653e-01	-2.657722e-01	-2.741404e-01	2.716815e-01	-3.924466e-01	2.851619e-01	-2.260265e-01	0.000000e+00	1	1.000000e+14
1.506234e-01	1.800034e+00	8.835562e-01	6.486653e-01	9.674143e-02	3.418522e-01	7.754158e-02	2.253344e-01	-1.155902e-01	-5.866163e-01	-1.586993e-02	-6.753809e-02	-2.558781e-03	-3.850788e-01	-2.061442e-01	-3.087394e-01	-6.482676e-02	-6.539284e-01	-3.026406e-03	-1.487510e-01	0.000000e+00	1	1.846134e-02
2.284427e-01	1.445574e+00	5.682301e-01	8.418888e-01	1.323469e-01	3.005988e-02	-1.976241e-01	3.789909e-01	-1.783737e-01	1.192072e-01	-1.210111e-02	3.462917e-01	-9.275693e-04	-3.788128e-01	-1.680898e-01	-2.412085e-01	-1.633973e-01	-4.272690e-01	-2.687249e-02	2.746169e-01	0.000000e+00	1	8.284020e-02
3.470612e-01	1.152443e+00	2.932541e-01	8.054036e-01	1.140646e-01	-2.400438e-01	-1.648079e-01	3.683858e-01	-2.055200e-01	-2.102750e-01	-3.624947e-01	7.936121e-02	-8.418891e-03	-1.991424e-02	9.097049e-02	-1.550773e-01	3.167037e-01	-3.823552e-01	1.608151e-01	-1.909640e-01	0.000000e+00	1	1.590358e-02
6.352565e-01	6.281594e-01	4.611126e-01	3.535123e-01	3.756251e-01	4.614048e-01	2.170430e-01	3.154003e-01	-1.691833e-01	1.680632e-01	-1.959305e-01	2.362594e-01	1.593050e-02	-2.940890e-01	2.425394e-02	1.204771e-01	-2.577212e-01	-6.528889e-02	-3.316776e-02	-1.172707e-01	0.000000e+00	1	1.343661e-01
3.359255e-01	1.202316e+00	6.442955e-01	7.351973e-01	1.147371e-01	1.110672e-01	-1.904290e-01	2.974202e-01	-1.667042e-01	1.676436e-02	-1.012494e-01	3.750239e-02	1.720729e-01	7.215868e-02	-3.777669e-01	3.852236e-01	-1.589893e-01	-3.721512e-01	-3.648884e-02	-7.541588e-02	0.000000e+00	1	2.292960e-02
3.159160e-01	1.249406e+00	2.932541e-01	8.054036e-01	1.140646e-01	-2.400438e-01	-1.648079e-01	3.683858e-01	-2.055200e-01	-1.151623e-01	-8.765819e-03	7.936121e-02	-1.521983e-02	-1.991424e-02	-2.293109e-01	-1.550773e-01	3.167037e-01	-3.823552e-01	-1.547718e-01	-4.476193e-01	0.000000e+00	1	4.032949e-02
1.073616e-01	7.834867e+00	8.529164e-01	1.751937e+00	4.423730e-03	1.521253e-01	-1.976241e-01	1.256300e+00	-3.044461e-02	-2.102945e-01	-1.161536e-02	-1.801789e+00	-9.275693e-04	-9.901089e-01	-2.402192e-01	4.200409e-01	-6.944951e-02	8.669646e-01	-2.693301e-02	-1.843741e-01	0.000000e+00	1	1.769196e-01
1.602848e-01	1.700973e+00	8.807452e-01	7.972197e-01	1.033923e-01	3.437569e-01	-4.387697e-02	3.700062e-01	-1.948890e-01	3.004101e-01	-5.643479e-02	-3.271267e-01	-1.206431e-01	-2.975099e-02	-1.295598e-02	-1.313319e-01	-1.205349e-01	-8.026625e-01	1.830456e-01	-1.294845e-01	0.000000e+00	1	6.356453e-02
1.695612e-01	1.700973e+00	8.807452e-01	7.972197e-01	1.033923e-01	3.437569e-01	-4.387697e-02	3.700062e-01	-1.948890e-01	3.004101e-01	-5.643479e-02	-3.271267e-01	-1.206431e-01	-2.975099e-02	-1.295598e-02	-1.313319e-01	-1.205349e-01	-8.026625e-01	-1.787814e-01	-1.294845e-01	0.000000e+00	2	5.711108e-02
1.526578e-01	5.650611e+00	8.989683e-01	7.010110e-01	5.248526e-03	1.994130e-01	-1.980477e-01	2.062299e-01	-5.302111e-02	-1.646244e-01	2.126917e-02	-1.856096e+00	7.888367e-02	-3.621411e-01	7.511348e-02	3.252768e-01	-2.268125e-01	8.777079e-01	-2.071257e-01	2.922975e-01	0.000000e+00	2	2.408921e-01
3.159160e-01	1.374111e+00	2.932541e-01	8.054036e-01	1.140646e-01	-2.400438e-01	-1.648079e-01	3.683858e-01	-2.055200e-01	-1.151623e-01	-8.765819e-03	1.727328e-01	-1.521983e-02	6.706227e-02	-2.293109e-01	-3.702998e-01	3.167037e-01	-3.823552e-01	-1.547718e-01	-4.476193e-01	0.000000e+00	2	4.623873e-02
3.470612e-01	1.263789e+00	5.356322e-01	8.054036e-01	1.140646e-01	2.334375e-03	-1.648079e-01	3.683858e-01	-2.055200e-01	-2.102750e-01	-3.624947e-01	7.936121e-02	-8.418891e-03	-3.039375e-01	9.097049e-02	-1.550773e-01	3.167037e-01	3.903272e-01	1.608151e-01	-1.909640e-01	0.000000e+00	2	4.824797e-02
1.681448e-01	1.997448e+00	8.582827e-01	1.058553e+00	1.033923e-01	3.212944e-01	-4.160445e-02	6.313395e-01	-1.843935e-01	3.881669e-01	-1.472514e-01	-3.271267e-01	1.021389e-01	-1.459613e-01	-1.845320e-02	-1.167080e-01	-1.189443e-01	-8.026625e-01	1.066817e-01	-1.103549e-01	0.000000e+00	2	2.018386e-01
7.296638e-01	6.373906e-01	1.737655e-01	4.209314e-01	3.731565e-01	1.634545e-01	-1.438781e-01	3.794410e-01	-1.571248e-01	1.964268e-01	-1.443482e-01	1.438550e-01	-2.398745e-01	2.794027e-01	-2.054169e-01	3.958111e-01	-1.981598e-01	-2.442801e-01	2.779843e-01	-3.499424e-01	0.000000e+00	2	8.193802e-02
7.112385e-01	1.041250e+00	4.576472e-01	3.457538e-01	3.764177e-01	4.612351e-01	-3.714632e-01	3.085896e-01	-1.304022e-01	1.658309e-01	-2.302692e-01	-2.368796e-01	-2.503171e-03	-4.504782e-01	-9.772503e-02	1.214503e-01	-2.804845e-01	-3.912671e-01	-3.182282e-02	-1.173068e-01	0.000000e+00	2	1.769730e-01
3.977251e-01	1.257827e+00	7.806806e-01	8.192164e-01	1.114206e-01	2.469215e-01	-1.822289e-01	3.850253e-01	-5.713854e-01	-2.216904e-01	-2.530371e-03	5.213113e-02	-1.099814e-03	-2.763486e-01	-9.710882e-02	-7.870494e-02	1.141714e-01	-5.253875e-01	1.497212e-01	-1.909640e-01	0.000000e+00	2	5.458042e-02
2.823353e-01	1.468499e+00	5.472186e-01	6.437804e-01	1.123062e-01	1.364749e-02	-2.621583e-01	2.086709e-01	-1.787118e-01	-4.978249e-01	-3.091889e-01	-1.013855e-01	-3.560919e-02	-6.732998e-01	5.583993e-02	-2.359709e-01	-2.099189e-01	-2.326946e-01	1.943366e-01	-1.288019e-01	0.000000e+00	2	5.961573e-02
2.284427e-01	1.610615e+00	1.585293e-01	8.418888e-01	1.323469e-01	-3.796410e-01	-1.976241e-01	3.789909e-01	-1.783737e-01	1.192072e-01	-1.210111e-02	3.462917e-01	-9.275693e-04	-3.788128e-01	-1.680898e-01	-2.412085e-01	-1.633973e-01	-4.272690e-01	-2.687249e-02	2.746169e-01	0.000000e+00	2	7.167525e-02
1.580585e-01	4.442940e+00	1.221442e+00	1.385241e+00	5.302553e-02	6.125931e-01	-1.976241e-01	9.468955e-01	-6.978527e-02	1.221518e-01	1.372431e-02	1.896927e-01	1.569273e-03	1.198714e+00	-2.738210e-01	-7.377608e-01	-1.181976e-01	3.911032e-01	-3.020034e-02	-5.282359e-01	0.000000e+00	2	2.689916e-01
1.133045e+00	4.845928e-01	1.644791e-01	4.193879e-01	4.168465e-01	2.519302e-01	-2.691091e-01	3.371130e-01	-5.902607e-01	3.891113e-01	-1.121552e-01	-1.260070e-01	-2.612782e-02	-2.494759e-01	7.450862e-02	-1.842220e-01	2.716815e-01	-4.384428e-01	3.152453e-01	-2.227862e-01	0.000000e+00	2	1.000000e+14
1.108281e+00	5.115446e-01	1.644791e-01	4.695152e-01	4.168465e-01	2.519302e-01	-2.691091e-01	3.872403e-01	-5.858401e-01	3.936090e-01	-1.124154e-01	-1.260070e-01	-2.612782e-02	-2.494759e-01	7.450862e-02	-2.741404e-01	2.716815e-01	-4.838533e-01	2.851619e-01	-2.260265e-01	0.000000e+00	2	1.541386e-01
1.085433e-01	7.471389e+00	1.795146e+00	6.718223e-01	2.971088e-02	1.139005e+00	1.076389e-01	2.062299e-01	-5.302111e-02	-5.848806e-01	2.126917e-02	-1.857895e+00	7.888367e-02	-3.621411e-01	7.511348e-02	-8.643387e-01	-2.268125e-01	-6.081646e-01	5.403814e-02	2.756688e-01	0.000000e+00	2	1.000000e+14
8.146909e-01	6.017962e-01	5.131010e-02	4.701631e-01	4.375945e-01	1.110672e-01	-1.900372e-01	2.974202e-01	-1.490869e-01	-5.198399e-02	-1.674200e-01	3.750239e-02	1.605103e-01	7.215868e-02	-3.731649e-01	-1.429262e-01	-1.293255e-01	-4.265579e-01	3.109758e-01	-6.464991e-02	0.000000e+00	2	5.366324e-02
8.340581e-01	5.994606e-01	5.131010e-02	4.701631e-01	4.375945e-01	1.110672e-01	-1.900372e-01	2.974202e-01	-1.490869e-01	1.676436e-02	-1.674200e-01	3.750239e-02	1.720729e-01	7.215868e-02	-3.731649e-01	-1.429262e-01	-1.799256e-01	-4.265579e-01	3.109758e-01	-6.464991e-02	0.000000e+00	2	1.497432e-01
4.350712e-01	1.101306e+00	5.577929e-01	6.468507e-01	1.123250e-01	2.422532e-02	-2.013455e-01	2.117214e-01	2.933220e-04	-8.803257e-02	-2.763951e-01	1.282618e-01	3.803976e-01	-5.136517e-01	9.003872e-02	-2.359709e-01	-2.099189e-01	-2.326946e-01	-4.078765e-02	-1.288019e-01	0.000000e+00	2	1.685067e-01
1.269169e-01	7.950507e+00	1.789420e+00	6.682054e-01	3.258476e-02	1.139005e+00	-1.551412e-01	2.062299e-01	-4.950299e-02	-9.105861e-01	2.126917e-02	-1.855194e+00	7.873018e-02	-3.601104e-01	7.755269e-02	-8.643387e-01	7.955157e-02	-6.039180e-01	1.572994e-01	2.756688e-01	0.000000e+00	3	5.234209e-02
5.081517e-01	1.142358e+00	5.749703e-01	4.072206e-01	1.464900e-01	2.422532e-02	-2.013455e-01	-8.144639e-02	-1.787118e-01	-8.803257e-02	-2.014637e-01	1.282618e-01	3.803976e-01	-6.732998e-01	9.003872e-02	-2.359709e-01	-3.144485e-01	-2.326946e-01	-3.484079e-02	-1.288019e-01	0.000000e+00	3	5.315008e-02
2.486844e-01	1.666244e+00	7.339790e-01	7.259690e-01	1.196381e-01	2.006732e-01	-1.839545e-01	2.821814e-01	-1.772883e-01	3.603047e-01	-3.284742e-01	3.922447e-01	-9.275693e-04	-6.053036e-01	-2.300019e-01	-1.204248e-01	1.695368e-02	-2.245108e-01	-5.423517e-02	-4.584502e-01	0.000000e+00	3	4.572461e-02
7.112385e-01	1.093359e+00	4.576472e-01	5.907374e-01	3.764177e-01	4.612351e-01	-3.714632e-01	5.535732e-01	-1.304022e-01	2.574019e-01	-2.302692e-01	-2.368796e-01	-2.503171e-03	-4.504782e-01	-9.772503e-02	1.214503e-01	-2.804845e-01	-3.912671e-01	-3.182282e-02	-1.173068e-01	0.000000e+00	3	4.452908e-02
1.605952e-01	7.159395e+00	8.708584e-01	1.386781e+00	1.011622e-01	3.324910e-01	-3.596876e-02	9.610641e-01	-1.047561e-01	-8.773177e-01	3.024381e-03	-1.849623e+00	-2.970116e-02	-9.107068e-01	-2.621504e-01	5.007432e-01	-6.448961e-02	-5.435574e-01	-3.205661e-02	1.284349e-01	0.000000e+00	3	2.534877e-02
1.691960e-01	6.769073e+00	1.089312e+00	7.876234e-01	1.015425e-01	5.511946e-01	-1.643333e-01	3.616648e-01	-1.047561e-01	-1.150114e-01	1.575454e-02	-1.711838e+00	8.583726e-02	-8.883314e-01	-4.402237e-03	-7.695575e-01	1.017642e-01	-2.553923e-01	9.569397e-02	-1.322294e+00	0.000000e+00	3	0.000000e+00
1.198671e+00	4.975263e-01	1.095437e-01	3.476566e-01	3.912539e-01	1.640903e-01	-1.857813e-01	3.154517e-01	-1.205577e-01	3.804715e-01	-2.346124e-01	5.003551e-02	1.759700e-01	2.445803e-01	2.425394e-02	-1.580355e-01	-8.993194e-01	-2.293058e-01	-4.264069e-01	-1.230730e-01	0.000000e+00	3	1.973272e-01
1.085433e-01	8.409456e+00	2.155933e+00	6.718223e-01	2.971088e-02	1.499793e+00	1.076389e-01	2.062299e-01	-5.302111e-02	-5.848806e-01	2.126917e-02	-1.857895e+00	7.888367e-02	-3.621411e-01	7.511348e-02	-8.643387e-01	-2.268125e-01	-6.081646e-01	5.403814e-02	2.756688e-01	0.000000e+00	3	1.000000e+14
1.108281e+00	5.128791e-01	1.644791e-01	4.695152e-01	4.168465e-01	2.519302e-01	-2.691091e-01	3.872403e-01	-5.858401e-01	3.936090e-01	-1.124154e-01	-1.260070e-01	-2.612782e-02	-2.494759e-01	7.450862e-02	-1.842220e-01	2.716815e-01	-4.838533e-01	2.851619e-01	-2.260265e-01	0.000000e+00	3	6.216573e-02
3.037296e-01	1.627357e+00	5.408775e-01	5.743908e-01	1.092737e-01	6.523594e-03	-3.684481e-01	1.423054e-01	-1.304022e-01	4.709952e-01	-2.555734e-02	-2.113142e-01	-1.020239e-03	-4.707934e-01	-2.295425e-01	4.362642e-01	-2.563091e-01	2.659267e-01	-3.052413e-02	-1.173068e-01	0.000000e+00	3	3.997193e-02
1.692555e-01	5.432253e+00	8.640465e-01	1.104205e+00	1.101144e-01	3.299490e-01	5.060555e-02	6.713157e-01	-8.086464e-02	-8.661507e-01	-1.781600e-03	4.143649e-01	-3.650979e-03	-1.232763e+00	1.132250e-01	-7.660843e-01	-5.449878e-02	-1.258117e+00	1.032645e-01	-1.991155e-01	0.000000e+00	3	2.127247e-01
1.448246e-01	7.695525e+00	1.927321e+00	1.369667e+00	7.478195e-02	1.358319e+00	-6.173581e-02	9.468955e-01	-3.567962e-02	-2.102945e-01	3.093073e-03	-1.592941e+00	-9.275693e-04	-9.901089e-01	-2.470807e-01	4.200409e-01	-6.435347e-02	-7.835979e-01	1.339326e-01	-1.947248e-01	0.000000e+00	3	5.668811e-02
1.691960e-01	6.769073e+00	1.089312e+00	7.876234e-01	1.015425e-01	5.511946e-01	-1.643333e-01	3.616648e-01	-1.047561e-01	-1.150114e-01	1.575454e-02	-1.711838e+00	8.583726e-02	-8.883314e-01	-4.402237e-03	-7.695575e-01	1.017642e-01	-2.553923e-01	9.569397e-02	-1.322294e+00	0.000000e+00	3	8.505388e-02
1.761442e-01	3.419637e+00	7.237338e-01	7.233689e-01	1.106814e-01	1.897922e-01	-1.976241e-01	2.899223e-01	-8.243974e-02	4.364740e-01	-2.226904e-02	1.857002e-01	1.569273e-03	1.198714e+00	-2.232236e-01	-7.078081e-01	-6.154924e-02	2.330537e-01	-5.082718e-02	-5.097090e-01	0.000000e+00	3	1.353501e-01
1.790714e-01	3.318310e+00	7.237338e-01	7.233689e-01	1.106814e-01	1.897922e-01	-1.976241e-01	2.899223e-01	-8.243974e-02	4.364740e-01	1.372431e-02	1.857002e-01	1.569273e-03	1.198714e+00	-2.232236e-01	-7.078081e-01	-6.154924e-02	-4.700354e-02	-3.020034e-02	-5.097090e-01	0.000000e+00	3	9.301951e-02
4.043967e-01	1.293178e+00	7.806806e-01	8.192164e-01	1.114206e-01	2.469215e-01	-1.822289e-01	3.850253e-01	-5.713854e-01	-1.947493e-01	-2.530371e-03	5.213113e-02	3.807201e-02	-2.763486e-01	-9.710882e-02	1.281793e-01	1.141714e-01	-5.253875e-01	1.497212e-01	-1.909640e-01	0.000000e+00	3	2.148808e-02
7.805422e-01	1.035045e+00	5.632245e-01	8.062637e-01	1.336015e-01	2.422532e-02	-2.458787e-01	3.412405e-01	-1.777615e-01	-2.095012e-01	-4.527282e-01	-4.125444e-02	-3.416433e-02	-2.872053e-01	9.003872e-02	-3.332296e-01	-1.628707e-01	-2.982920e-01	-5.844781e-01	-1.058733e-01	0.000000e+00	3	5.432188e-02
4.279715e-01	1.263709e+00	7.806806e-01	7.759862e-01	1.114206e-01	2.469215e-01	-1.822289e-01	3.417951e-01	-5.713854e-01	-1.947493e-01	8.969009e-02	5.213113e-02	3.807201e-02	-2.763486e-01	-9.710882e-02	1.281793e-01	1.141714e-01	-5.253875e-01	1.497212e-01	-1.909640e-01	0.000000e+00	3	2.117693e-02
1.691960e-01	6.769073e+00	1.089312e+00	7.876234e-01	1.015425e-01	5.511946e-01	-1.643333e-01	3.616648e-01	-1.047561e-01	-1.150114e-01	1.575454e-02	-1.711838e+00	8.583726e-02	-8.883314e-01	-4.402237e-03	-7.695575e-01	1.017642e-01	-2.553923e-01	9.569397e-02	-1.322294e+00	0.000000e+00	3	3.104835e-04
7.112385e-01	1.093359e+00	4.576472e-01	5.907374e-01	3.764177e-01	4.612351e-01	-3.714632e-01	5.535732e-01	-1.304022e-01	2.574019e-01	-2.302692e-01	-2.368796e-01	-2.503171e-03	-4.504782e-01	-9.772503e-02	1.214503e-01	-2.804845e-01	-3.912671e-01	-3.182282e-02	-1.173068e-01	0.000000e+00	3	1.703161e-02
1.108281e+00	5.128791e-01	1.644791e-01	4.695152e-01	4.168465e-01	2.519302e-01	-2.691091e-01	3.872403e-01	-5.858401e-01	3.936090e-01	-1.124154e-01	-1.260070e-01	-2.612782e-02	-2.494759e-01	7.450862e-02	-1.842220e-01	2.716815e-01	-4.838533e-01	2.851619e-01	-2.260265e-01	0.000000e+00	3	1.915011e-02
1.605952e-01	7.159395e+00	8.708584e-01	1.386781e+00	1.011622e-01	3.324910e-01	-3.596876e-02	9.610641e-01	-1.047561e-01	-8.773177e-01	3.024381e-03	-1.849623e+00	-2.970116e-02	-9.107068e-01	-2.621504e-01	5.007432e-01	-6.448961e-02	-5.435574e-01	-3.205661e-02	1.284349e-01	0.000000e+00	3	3.699842e-02
4.693574e-01	1.164632e+00	9.299617e-01	8.192096e-01	1.114140e-01	3.962012e-01	-1.818519e-01	3.850253e-01	-5.713854e-01	-2.222060e-01	-2.530371e-03	5.213113e-02	-1.099814e-03	-2.763486e-01	-1.045110e-01	-7.870494e-02	1.409061e-01	-2.213676e-01	3.088197e-01	-1.909097e-01	0.000000e+00	3	2.378431e-02
1.656688e-01	6.773804e+00	1.089562e+00	7.873820e-01	1.011622e-01	5.511946e-01	-1.448537e-01	3.616648e-01	-1.047561e-01	-1.150114e-01	1.575454e-02	-1.711838e+00	8.583726e-02	-8.883314e-01	-4.402237e-03	-7.695575e-01	1.017642e-01	-2.553923e-01	9.569397e-02	-1.322294e+00	0.000000e+00	3	2.635677e-02
2.594311e+00	4.846891e-01	4.045884e-01	4.029719e-01	3.981058e-01	4.751329e-01	-1.654420e-01	3.646273e-01	9.589736e-01	3.922067e-01	-3.576395e-01	5.444268e-02	1.158466e-01	-2.134597e-03	9.003707e-02	-1.578448e-01	3.060097e-01	-6.528889e-02	2.851619e-01	-1.306979e-01	0.000000e+00	3	1.000000e+14
2.081891e+00	4.892581e-01	1.108932e-01	3.594952e-01	3.907588e-01	1.640903e-01	-2.591095e-01	3.275252e-01	6.679700e-01	3.922067e-01	-1.131818e-01	5.003551e-02	1.415844e-01	-1.454488e-01	2.425394e-02	-1.580355e-01	-9.208787e-01	-6.528889e-02	2.851619e-01	-1.738096e-01	0.000000e+00	3	2.815361e-01
8.327627e-01	6.198081e-01	9.146948e-02	4.701631e-01	4.375945e-01	1.512266e-01	-1.900372e-01	2.974202e-01	-1.490869e-01	1.676436e-02	-1.711437e-01	1.088912e-01	1.720729e-01	7.215868e-02	-3.731649e-01	-1.429262e-01	-1.799256e-01	-4.265579e-01	3.109758e-01	-6.464991e-02	0.000000e+00	3	6.746510e-03
8.327627e-01	6.198081e-01	9.146948e-02	4.701631e-01	4.375945e-01	1.512266e-01	-1.900372e-01	2.974202e-01	-1.490869e-01	1.676436e-02	-1.711437e-01	1.088912e-01	1.720729e-01	7.215868e-02	-3.731649e-01	-1.429262e-01	-1.799256e-01	-4.265579e-01	3.109758e-01	-6.464991e-02	0.000000e+00	3	1.050391e-02
8.327627e-01	6.198081e-01	9.146948e-02	4.701631e-01	4.375945e-01	1.512266e-01	-1.900372e-01	2.974202e-01	-1.490869e-01	1.676436e-02	-1.711437e-01	1.088912e-01	1.720729e-01	7.215868e-02	-3.731649e-01	-1.429262e-01	-1.799256e-01	-4.265579e-01	3.109758e-01	-6.464991e-02	0.000000e+00	3	8.161793e-02
3.470612e-01	1.346338e+00	2.932541e-01	8.054036e-01	1.140646e-01	-2.400438e-01	-1.648079e-01	3.683858e-01	-2.055200e-01	-2.102750e-01	-3.624947e-01	7.936121e-02	-8.418891e-03	-3.039375e-01	9.097049e-02	-1.550773e-01	3.167037e-01	3.903272e-01	1.608151e-01	-1.909640e-01	0.000000e+00	3	4.133314e-02
1.792381e-01	1.955184e+00	8.807452e-01	7.972197e-01	1.033923e-01	3.437569e-01	7.168896e-02	3.700062e-01	-1.948890e-01	5.791982e-01	-5.643479e-02	-3.271267e-01	-1.206431e-01	-1.597884e-01	-1.295598e-02	-1.313319e-01	-1.205349e-01	-8.026625e-01	1.830456e-01	-1.294845e-01	0.000000e+00	3	1.182367e-01
2.139133e-01	2.000912e+00	8.544799e-01	1.069756e+00	1.152928e-01	3.212944e-01	-4.160445e-02	6.313395e-01	-1.843935e-01	3.881669e-01	-1.472514e-01	-3.271267e-01	1.819787e-01	-2.042514e-01	-1.845320e-02	-1.167080e-01	-1.189443e-01	-8.026625e-01	1.308361e-01	-1.103549e-01	0.000000e+00	4	2.552755e-02
1.086861e+00	6.689913e-01	1.818521e-02	4.408717e-01	4.221002e-01	1.031390e-01	-1.923335e-01	3.394991e-01	-1.667042e-01	3.867531e-01	-1.012840e-01	2.804139e-01	1.720729e-01	-2.873675e-01	-3.777669e-01	-2.140022e-01	3.121908e-01	-4.352267e-01	3.030268e-01	-7.669375e-02	0.000000e+00	4	3.692058e-02
1.291832e-01	8.593083e+00	1.795795e+00	6.722366e-01	2.938255e-02	1.139005e+00	-5.799532e-02	2.062299e-01	-1.074771e-01	-9.011314e-01	2.126917e-02	-1.864414e+00	-3.550544e-02	-8.954428e-01	7.044773e-02	-8.658313e-01	-2.275564e-01	-5.414830e-01	1.572994e-01	2.756688e-01	0.000000e+00	4	1.000000e+14
1.797018e-01	4.401043e+00	1.162273e+00	1.367877e+00	8.875489e-02	6.125931e-01	-1.976241e-01	9.468955e-01	-6.978527e-02	1.221518e-01	1.372431e-02	1.896927e-01	1.569273e-03	1.198714e+00	-2.738210e-01	-7.377608e-01	-1.181976e-01	3.911032e-01	1.578502e-02	-5.282359e-01	0.000000e+00	4	1.922380e-01
5.812451e-01	1.242751e+00	7.976272e-01	2.317769e-01	9.677109e-02	2.559482e-01	-1.963600e-01	-1.915673e-01	-5.611098e-01	1.215328e-01	-1.710456e-02	3.315606e-01	-9.275693e-04	-2.304415e-01	7.343972e-02	-1.831653e-01	2.900805e-01	-4.386898e-01	3.261782e-01	-2.235720e-01	0.000000e+00	4	8.182410e-02
1.180438e+00	5.333798e-01	2.307054e-01	4.208372e-01	4.166021e-01	3.181957e-01	-2.743456e-01	3.393818e-01	-2.075246e-01	3.871079e-01	-1.071518e-01	-1.112758e-01	-2.612782e-02	-3.978471e-01	2.849910e-01	-2.395372e-01	2.707740e-01	-4.384428e-01	2.310081e-01	-2.227862e-01	0.000000e+00	4	1.183033e-01
8.327627e-01	8.301247e-01	9.146948e-02	4.701631e-01	4.375945e-01	1.512266e-01	-1.900372e-01	2.974202e-01	-1.490869e-01	1.676436e-02	-1.711437e-01	1.088912e-01	1.720729e-01	7.215868e-02	-3.731649e-01	-1.429262e-01	-1.799256e-01	-8.150118e-01	3.109758e-01	-6.464991e-02	0.000000e+00	4	8.106575e-02
7.112385e-01	1.104973e+00	4.576472e-01	5.907374e-01	3.764177e-01	4.612351e-01	-3.714632e-01	5.535732e-01	-1.304022e-01	1.658309e-01	-2.302692e-01	-2.368796e-01	-2.503171e-03	-4.504782e-01	-9.772503e-02	1.214503e-01	-2.804845e-01	-3.912671e-01	-3.182282e-02	-1.173068e-01	0.000000e+00	4	9.081525e-02
4.348674e-01	1.267644e+00	5.577929e-01	6.468507e-01	1.123250e-01	2.422532e-02	-2.013455e-01	2.117214e-01	-1.787118e-01	-8.803257e-02	-2.763951e-01	1.282618e-01	3.803976e-01	-6.732998e-01	9.003872e-02	-2.359709e-01	-2.099189e-01	-2.326946e-01	-4.078765e-02	-1.288019e-01	0.000000e+00	4	4.662273e-02
4.203986e-01	1.321267e+00	7.188066e-01	8.005131e-01	9.032838e-02	1.708892e-01	-1.432749e-01	3.792674e-01	-5.713854e-01	-2.372908e-01	-4.281712e-02	1.459562e-01	-1.099814e-03	-2.763486e-01	-9.710882e-02	-7.870494e-02	-2.103747e-01	-5.253875e-01	1.543151e-01	-1.909640e-01	0.000000e+00	4	2.794539e-02
1.662606e-01	6.773804e+00	1.089562e+00	7.873820e-01	1.011622e-01	5.511946e-01	-1.484616e-01	3.616648e-01	-1.047561e-01	-1.150114e-01	1.575454e-02	-1.711838e+00	8.583726e-02	-8.883314e-01	-4.402237e-03	-7.695575e-01	1.017642e-01	-2.553923e-01	9.569397e-02	-1.322294e+00	0.000000e+00	4	1.169923e-01
1.082695e+00	7.200900e-01	3.594431e-01	5.489914e-01	4.491171e-01	3.848223e-01	-3.728440e-01	3.112821e-01	-9.045733e-01	3.922067e-01	3.385071e-02	-2.368796e-01	1.663876e-01	-2.574845e-01	-1.697871e-01	-1.368088e-01	-1.190001e-01	-4.819189e-01	2.614448e-01	-1.233982e-01	0.000000e+00	4	4.342200e-02
1.611232e-01	7.359645e+00	8.762494e-01	1.393016e+00	9.185033e-02	3.299490e-01	-1.047848e-01	9.714223e-01	-1.047660e-01	-8.746404e-01	-1.781600e-03	-1.390936e+00	-3.650979e-03	-9.953068e-01	1.132250e-01	-8.112897e-01	-5.449878e-02	-1.258117e+00	1.616504e-01	-1.991155e-01	0.000000e+00	4	8.748400e-02
3.502246e-01	1.364162e+00	8.641345e-01	6.657073e-01	9.648602e-02	3.222137e-01	-2.015965e-01	2.424907e-01	-1.783737e-01	1.195294e-01	-1.210111e-02	3.462917e-01	-9.275693e-04	-3.788128e-01	2.839221e-01	-2.384804e-01	2.891729e-01	-4.386898e-01	-2.687249e-02	-2.235720e-01	0.000000e+00	4	4.358627e-02
2.082553e-01	2.098526e+00	5.637024e-01	1.025664e+00	1.113342e-01	2.992328e-02	-3.763206e-02	5.915611e-01	-1.843935e-01	-1.261476e-02	-1.113759e-01	5.105736e-01	1.021389e-01	-2.752495e-01	-7.899031e-02	-1.179667e-01	1.990717e-01	-7.912417e-01	1.444356e-01	2.960665e-01	0.000000e+00	4	3.561166e-02
1.506030e+00	5.161072e-01	1.027134e-01	4.256539e-01	3.991308e-01	1.752121e-01	-9.005222e-02	3.859274e-01	-5.730387e-01	3.914957e-01	-1.200384e-01	5.213113e-02	-9.275693e-04	-3.541549e-02	5.392107e-02	-1.592023e-01	5.233239e-01	-4.822967e-01	1.608151e-01	-1.290140e-01	0.000000e+00	4	2.289608e-01
1.863510e-01	2.461382e+00	1.100703e+00	7.927246e-01	1.011622e-01	5.623356e-01	-1.958892e-01	3.670074e-01	-9.194395e-03	-1.150114e-01	1.575454e-02	-2.115674e-01	8.583726e-02	-8.883314e-01	-4.978476e-02	-7.695575e-01	1.018464e-01	-2.553923e-01	1.332223e-01	-2.518840e-01	0.000000e+00	4	1.496948e-01
9.331370e-01	7.256447e-01	2.497978e-01	4.266892e-01	3.731565e-01	2.394869e-01	-1.828320e-01	3.851988e-01	-1.571248e-01	1.773858e-02	-7.141281e-03	5.002991e-02	-2.398745e-01	2.794027e-01	-2.054169e-01	3.958111e-01	1.263862e-01	-2.442801e-01	2.733905e-01	-3.905569e-01	0.000000e+00	4	7.170559e-02
1.732324e-01	5.517245e+00	8.708664e-01	1.377846e+00	1.011501e-01	3.324910e-01	-3.596876e-02	9.521368e-01	-1.047947e-01	-8.458684e-01	-2.238404e-01	-1.357477e+00	-9.201424e-02	-8.994102e-01	-2.621504e-01	5.007432e-01	-6.448961e-02	-5.435574e-01	-3.234290e-02	1.284349e-01	0.000000e+00	4	1.501108e-01
3.366999e-01	1.674869e+00	8.559127e-01	9.075762e-01	1.110989e-01	3.220771e-01	-1.994124e-01	4.737115e-01	-1.901202e-01	-1.406611e-02	7.408658e-02	3.926962e-01	-1.061800e-03	-3.132666e-01	-2.746080e-01	-1.134300e-01	3.152712e-01	-6.740985e-01	1.432088e-01	-2.021224e-01	0.000000e+00	4	3.414274e-02
3.187249e-01	1.784313e+00	9.109742e-01	6.836912e-01	9.534594e-02	3.680538e-01	1.725326e-04	2.609528e-01	-1.979513e-01	3.642187e-01	-3.839418e-03	-5.226109e-01	8.809146e-02	1.311465e-01	-2.543495e-01	1.276074e-01	-3.402063e-01	4.081712e-01	-1.854614e-01	-4.526807e-01	0.000000e+00	4	1.857477e-02
3.038566e-01	1.916435e+00	9.955890e-01	4.583427e-01	1.092737e-01	4.612351e-01	-3.678375e-01	2.625726e-02	-1.304022e-01	4.629922e-01	-1.999364e-02	-2.037917e-01	-2.503171e-03	-4.260319e-01	-2.295425e-01	-7.581815e-01	-2.563091e-01	2.659267e-01	-3.052413e-02	-1.173068e-01	0.000000e+00	4	1.543315e-02
3.170018e-01	1.892681e+00	6.963678e-01	9.236551e-01	1.196931e-01	1.630553e-01	-1.814016e-01	4.797954e-01	-4.910836e-02	3.603047e-01	-3.286606e-01	3.874093e-01	-9.275693e-04	-2.810887e-01	-2.130693e-01	-1.429886e-01	2.887440e-01	-7.909815e-01	1.522623e-01	-1.134832e-01	0.000000e+00	4	1.202546e-02
2.054520e+00	5.015624e-01	1.108932e-01	3.473703e-01	3.907588e-01	1.640903e-01	-2.591095e-01	3.154003e-01	6.679700e-01	3.922067e-01	-1.131818e-01	5.003551e-02	1.415844e-01	-1.454488e-01	2.425394e-02	-1.580355e-01	-8.993194e-01	-6.528889e-02	2.851619e-01	-1.233982e-01	0.000000e+00	4	1.000000e+14
2.696970e-01	1.943631e+00	1.130066e+00	8.944753e-01	8.981206e-02	5.815804e-01	-1.838771e-01	4.733269e-01	-4.910836e-02	-2.081838e-01	2.298443e-03	5.760907e-01	-9.275693e-04	-2.825352e-01	-2.468897e-01	-1.429886e-01	2.887440e-01	-4.013926e-01	-1.090576e-01	-3.697136e-01	0.000000e+00	4	2.857788e-02
1.299546e-01	8.036980e+00	1.795146e+00	6.718223e-01	2.971088e-02	1.139005e+00	-5.799831e-02	2.062299e-01	-5.302111e-02	-9.310852e-01	2.126917e-02	-1.864414e+00	7.888367e-02	-3.621411e-01	7.511348e-02	-8.643387e-01	-2.268125e-01	-6.081646e-01	1.572994e-01	2.756688e-01	0.000000e+00	4	8.451254e-02
1.744381e-01	6.017605e+00	8.708664e-01	1.377846e+00	1.011501e-01	3.324910e-01	-3.596876e-02	9.521368e-01	-1.047947e-01	-8.458684e-01	-1.494684e-01	-1.538511e+00	-8.945373e-02	-8.994102e-01	-2.621504e-01	5.007432e-01	-1.186711e-01	-5.435574e-01	1.176967e-01	9.003500e-02	0.000000e+00	5	8.724099e-02
1.625518e+00	5.540980e-01	4.172477e-01	4.695245e-01	4.168465e-01	5.046988e-01	-2.691091e-01	3.872496e-01	-5.913138e-01	3.941160e-01	-7.349998e-03	-1.499741e-01	-2.612782e-02	-2.494759e-01	4.855577e-01	-2.741404e-01	2.716815e-01	-4.838533e-01	2.851619e-01	-2.260265e-01	0.000000e+00	5	8.805410e-02
7.141643e-01	1.148771e+00	1.422611e-01	1.124614e+00	3.911221e-01	1.964507e-01	-2.591095e-01	1.092474e+00	-9.252486e-02	3.922067e-01	-1.446739e-01	1.881734e-01	-3.377737e-02	1.461952e-01	-3.911836e-01	-1.818222e-01	-3.012985e-01	-4.819189e-01	2.291144e-01	-1.847538e-01	0.000000e+00	5	7.784580e-02
2.860269e-01	2.155587e+00	8.782594e-01	8.097636e-01	1.082443e-01	3.435504e-01	1.165538e-01	3.786265e-01	-1.568044e-01	-5.866163e-01	1.850732e-02	6.178484e-01	8.463410e-03	-2.165642e-01	1.277085e-01	-1.136465e-01	-1.132626e-01	-6.736680e-01	3.063821e-01	5.479361e-02	0.000000e+00	5	1.734491e-02
3.531061e-01	1.610615e+00	1.585293e-01	8.418888e-01	1.323469e-01	-3.796410e-01	-1.976241e-01	3.789909e-01	-8.958914e-02	1.192072e-01	-1.210111e-02	3.462917e-01	-9.275693e-04	-3.788128e-01	-1.680898e-01	-2.412085e-01	-3.774900e-01	-4.272690e-01	-2.687249e-02	2.746169e-01	0.000000e+00	5	2.304456e-02
1.823220e+00	5.161072e-01	1.027134e-01	4.256539e-01	3.991308e-01	1.752121e-01	-9.005222e-02	3.859274e-01	-8.726656e-01	3.914957e-01	-1.200384e-01	5.213113e-02	-9.275693e-04	-3.541549e-02	5.392107e-02	-1.592023e-01	5.233239e-01	-4.822967e-01	1.608151e-01	-1.290140e-01	0.000000e+00	5	2.058504e-01
2.639397e+00	5.138574e-01	1.135714e-01	3.469960e-01	3.898027e-01	1.640903e-01	-2.591095e-01	3.154003e-01	9.617301e-01	3.922067e-01	-1.131818e-01	5.003551e-02	1.759700e-01	2.445803e-01	2.425394e-02	-1.580355e-01	-8.993194e-01	-6.528889e-02	2.851619e-01	-1.233982e-01	0.000000e+00	5	1.485502e-04
7.922647e-01	1.131973e+00	9.299617e-01	8.192096e-01	1.114140e-01	3.962012e-01	-2.026760e-01	3.850253e-01	-5.696651e-01	-7.882173e-02	-3.653131e-01	4.795041e-02	-1.099814e-03	-2.876917e-01	-1.045110e-01	-7.870494e-02	1.409061e-01	-2.323063e-01	-5.416504e-01	-1.909097e-01	0.000000e+00	5	3.908966e-02
2.008287e-01	2.612904e+00	6.817480e-01	1.394396e+00	1.106814e-01	1.478064e-01	-1.976241e-01	9.609498e-01	-7.021162e-02	-3.942824e-01	-2.226904e-02	1.857002e-01	1.569273e-03	-3.148274e-01	-2.232236e-01	-7.078081e-01	-4.112859e-02	2.289295e-01	2.077870e-01	-5.097090e-01	0.000000e+00	5	8.009314e-02
1.445343e-01	8.086278e+00	1.896617e+00	1.370118e+00	7.366135e-02	1.325809e+00	-1.976241e-01	9.468955e-01	-3.044461e-02	-2.102945e-01	3.093073e-03	-1.844822e+00	-9.275693e-04	-9.901089e-01	-2.358547e-01	4.200409e-01	-6.435347e-02	3.121763e-01	-3.020034e-02	-1.947248e-01	0.000000e+00	5	1.000000e+14
2.534899e-01	2.289454e+00	1.160241e+00	1.159030e+00	9.057607e-02	6.125931e-01	-1.976241e-01	7.377335e-01	-6.978527e-02	-3.231947e-01	2.681625e-02	3.579169e-01	-1.782194e-02	-9.132349e-02	-2.738210e-01	-1.059375e-01	2.330774e-01	3.911032e-01	-1.033567e-01	-5.282359e-01	0.000000e+00	5	3.186415e-02
2.154736e-01	2.482837e+00	1.182980e+00	6.551462e-01	1.067259e-01	6.476643e-01	1.281307e-01	2.253344e-01	-1.460375e-01	-5.831489e-01	2.470283e-02	2.711972e-01	-1.517332e-01	-8.977093e-01	1.165518e-01	-1.136465e-01	-6.482676e-02	-4.949199e-01	-1.114536e-01	-1.287179e-01	0.000000e+00	5	3.191101e-02
9.522768e-01	8.440871e-01	4.022285e-01	3.418211e-01	3.929626e-01	4.612351e-01	-5.558298e-01	3.085896e-01	-1.304022e-01	1.658309e-01	-2.302692e-01	-2.368796e-01	1.625735e-01	-4.504782e-01	-9.772503e-02	1.214503e-01	-4.263104e-01	-3.239636e-01	-2.807387e-01	-1.173068e-01	0.000000e+00	5	5.654440e-02
4.485348e-01	1.267644e+00	5.577929e-01	6.468507e-01	1.123250e-01	2.422532e-02	-2.013455e-01	2.117214e-01	-1.787118e-01	-8.803257e-02	-3.091889e-01	1.282618e-01	3.803976e-01	-6.732998e-01	9.003872e-02	-2.359709e-01	-2.099189e-01	-2.326946e-01	-4.078765e-02	-1.288019e-01	0.000000e+00	5	6.510718e-02
4.485348e-01	1.267644e+00	5.577929e-01	6.468507e-01	1.123250e-01	2.422532e-02	-2.013455e-01	2.117214e-01	-1.787118e-01	-8.803257e-02	-3.091889e-01	1.282618e-01	3.803976e-01	-6.732998e-01	9.003872e-02	-2.359709e-01	-2.099189e-01	-2.326946e-01	-4.078765e-02	-1.288019e-01	0.000000e+00	5	2.086099e-02
3.836089e-01	1.447442e+00	5.472186e-01	6.437804e-01	1.123062e-01	1.364749e-02	-2.621583e-01	2.086709e-01	-1.787118e-01	-4.978249e-01	-3.091889e-01	-1.013855e-01	-3.560919e-02	-6.732998e-01	5.583993e-02	-1.197011e-01	-2.099189e-01	-2.326946e-01	3.885897e-01	-1.288019e-01	0.000000e+00	5	4.177108e-02
1.654243e-01	7.827765e+00	1.552254e+00	1.393550e+00	1.011622e-01	1.013886e+00	-1.010866e-01	9.678330e-01	-1.107828e-01	-8.840066e-01	-2.487580e-03	-1.797090e+00	-2.074019e-03	-8.132346e-01	1.096549e-01	-7.695575e-01	-5.923474e-02	-5.435574e-01	1.683679e-01	1.255687e-01	0.000000e+00	5	8.068759e-02
2.696970e-01	2.164839e+00	1.130066e+00	8.944753e-01	8.981206e-02	5.815804e-01	-1.838771e-01	4.733269e-01	-4.910836e-02	-1.072250e-01	2.298443e-03	5.760907e-01	-9.275693e-04	-2.825352e-01	-2.468897e-01	-1.429886e-01	2.887440e-01	-6.752536e-01	-1.090576e-01	-3.697136e-01	0.000000e+00	5	1.535991e-02
1.807841e-01	5.653052e+00	1.629088e+00	7.730972e-01	1.106814e-01	1.095146e+00	-8.835326e-02	3.396506e-01	-1.783737e-01	-2.103246e-01	-8.678569e-02	-1.783174e+00	-3.499335e-02	-4.651929e-01	-2.291643e-01	-3.389157e-01	-1.624674e-01	3.911893e-01	5.403814e-02	3.271927e-01	0.000000e+00	5	5.885417e-02
3.223189e-01	2.061871e+00	8.560286e-01	1.024970e+00	1.106437e-01	3.220771e-01	-4.160445e-02	5.915611e-01	-1.843935e-01	-1.229254e-02	-1.113759e-01	5.105736e-01	1.021389e-01	-2.752495e-01	-2.726849e-01	-1.152387e-01	3.156475e-01	-8.026625e-01	1.444356e-01	-2.021224e-01	0.000000e+00	5	1.346132e-02
3.223189e-01	2.061871e+00	8.560286e-01	1.024970e+00	1.106437e-01	3.220771e-01	-4.160445e-02	5.915611e-01	-1.843935e-01	-1.229254e-02	-1.113759e-01	5.105736e-01	1.021389e-01	-2.752495e-01	-2.726849e-01	-1.152387e-01	3.156475e-01	-8.026625e-01	1.444356e-01	-2.021224e-01	0.000000e+00	5	2.980888e-02
1.702101e-01	6.942208e+00	8.708584e-01	1.522043e+00	1.011622e-01	3.324910e-01	-3.596876e-02	1.096326e+00	-1.047014e-01	-5.716548e-01	3.147746e-03	-1.850745e+00	-2.970116e-02	-8.956740e-01	-2.621504e-01	5.007432e-01	8.723272e-02	-5.435574e-01	-3.205661e-02	-2.285035e-01	0.000000e+00	5	6.189805e-02
3.506707e-01	1.696474e+00	7.003882e-01	7.262194e-01	1.198288e-01	1.670588e-01	-1.839545e-01	2.821814e-01	-1.939824e-01	3.603047e-01	-3.284742e-01	3.874093e-01	-9.275693e-04	-2.921426e-01	-2.754540e-01	-1.158342e-01	2.892416e-01	-6.665876e-01	-5.423517e-02	-4.009108e-01	0.000000e+00	5	3.596616e-02
1.881106e-01	5.167767e+00	1.182373e+00	6.564715e-01	1.082443e-01	6.476643e-01	1.165538e-01	2.253344e-01	-5.090618e-02	-5.866163e-01	-1.012692e-02	-1.719216e+00	2.498070e-02	-8.744970e-01	1.088157e-01	-1.136465e-01	-6.482676e-02	-4.949199e-01	6.672257e-02	-1.287179e-01	0.000000e+00	5	1.361854e-01
1.702101e-01	6.942208e+00	8.708584e-01	1.522043e+00	1.011622e-01	3.324910e-01	-3.596876e-02	1.096326e+00	-1.047014e-01	-5.716548e-01	3.147746e-03	-1.850745e+00	-2.970116e-02	-8.956740e-01	-2.621504e-01	5.007432e-01	8.723272e-02	-5.435574e-01	-3.205661e-02	-2.285035e-01	0.000000e+00	5	5.943164e-02
1.896910e-01	3.617580e+00	1.155651e+00	5.060134e-01	9.519342e-02	6.125931e-01	-1.457706e-02	8.333507e-02	-6.978527e-02	1.650657e-01	-1.445084e-01	-2.563726e-01	7.254712e-03	1.198714e+00	-2.738210e-01	-7.321016e-01	-2.066064e-01	3.911032e-01	-3.020034e-02	-5.282359e-01	0.000000e+00	5	1.712441e-01
2.639397e+00	5.138574e-01	1.135714e-01	3.469960e-01	3.898027e-01	1.640903e-01	-2.591095e-01	3.154003e-01	9.617301e-01	3.922067e-01	-1.131818e-01	5.003551e-02	1.759700e-01	2.445803e-01	2.425394e-02	-1.580355e-01	-8.993194e-01	-6.528889e-02	2.851619e-01	-1.233982e-01	0.000000e+00	5	1.000000e+14
8.861481e-01	8.537850e-01	2.049149e-01	4.195493e-01	3.859113e-01	2.435706e-01	-1.828320e-01	3.884026e-01	-1.571248e-01	-5.185529e-02	-7.141281e-03	5.002991e-02	-2.399947e-01	2.794027e-01	-2.054169e-01	3.958111e-01	1.263862e-01	-4.469835e-01	2.733905e-01	-4.095308e-01	0.000000e+00	5	2.874890e-02
8.737864e-01	1.041250e+00	4.576472e-01	3.457538e-01	3.764177e-01	4.612351e-01	-5.558298e-01	3.085896e-01	-1.304022e-01	1.658309e-01	-2.302692e-01	-2.368796e-01	-2.503171e-03	-4.504782e-01	-9.772503e-02	1.214503e-01	-4.263104e-01	-3.912671e-01	-2.807387e-01	-1.173068e-01	0.000000e+00	5	3.718384e-02
1.434940e+00	6.711652e-01	2.031304e-01	4.186553e-01	3.892061e-01	2.519302e-01	-1.828490e-01	3.872403e-01	-5.858401e-01	3.936090e-01	-1.193858e-01	-1.260070e-01	-2.337568e-02	-2.350879e-01	1.268724e-01	-1.580355e-01	2.716815e-01	-4.819189e-01	2.851619e-01	-1.233982e-01	0.000000e+00	5	6.549825e-02
1.434940e+00	6.711652e-01	2.031304e-01	4.186553e-01	3.892061e-01	2.519302e-01	-1.828490e-01	3.872403e-01	-5.858401e-01	3.936090e-01	-1.193858e-01	-1.260070e-01	-2.337568e-02	-2.350879e-01	1.268724e-01	-1.580355e-01	2.716815e-01	-4.819189e-01	2.851619e-01	-1.233982e-01	0.000000e+00	5	4.592385e-02
1.121866e+00	7.128811e-01	4.556351e-01	3.452012e-01	3.769081e-01	4.612351e-01	-2.665722e-01	3.085896e-01	-7.682089e-02	3.873569e-01	-2.302692e-01	2.219214e-01	1.788867e-01	-2.574845e-01	-9.772503e-02	-1.089962e-01	-9.016609e-01	-4.826118e-01	-4.528656e-01	-1.173327e-01	0.000000e+00	5	1.081493e-01
1.755409e-01	6.812335e+00	1.091345e+00	7.859419e-01	9.867064e-02	5.511946e-01	-6.719048e-02	3.616648e-01	-1.082742e-01	-1.355105e-01	1.575454e-02	-1.721058e+00	8.599075e-02	-6.974485e-01	-6.841449e-03	-7.695575e-01	-2.045999e-01	-2.596390e-01	9.569397e-02	-1.419778e+00	0.000000e+00	6	4.587919e-02
1.702101e-01	7.219821e+00	8.708584e-01	1.645649e+00	1.011622e-01	3.324910e-01	-3.596876e-02	1.219932e+00	-1.047014e-01	-5.716548e-01	3.147746e-03	-1.850745e+00	-2.970116e-02	-8.956740e-01	-2.621504e-01	5.007432e-01	8.723272e-02	-5.435574e-01	-3.205661e-02	-2.285035e-01	0.000000e+00	6	9.558629e-02
3.612079e-01	2.058303e+00	8.912303e-01	9.043232e-01	9.515610e-02	3.481386e-01	-1.839545e-01	4.816594e-01	-7.018928e-02	9.895827e-02	-9.509023e-02	-5.269817e-01	2.152775e-01	-2.810887e-01	-2.424661e-01	-1.653825e-02	3.043352e-01	-7.688365e-01	1.500687e-01	3.203172e-01	0.000000e+00	6	4.278320e-02
1.336678e+00	7.560336e-01	7.511377e-01	3.473703e-01	3.907588e-01	8.043348e-01	-2.591095e-01	3.154003e-01	-1.812006e-01	3.810817e-01	-4.231350e-01	7.748173e-03	7.440457e-02	2.784995e-01	2.425394e-02	-1.580355e-01	-8.993194e-01	-2.803903e-01	2.699803e-01	-1.039712e-01	0.000000e+00	6	1.108664e-01
4.755994e-01	1.340833e+00	7.865057e-01	8.187152e-01	1.086160e-01	2.519302e-01	-1.828490e-01	3.872403e-01	-5.852399e-01	3.936090e-01	-1.193858e-01	-1.260070e-01	6.594148e-04	-8.043248e-02	-1.082546e-01	-1.580355e-01	2.716815e-01	-5.355701e-01	1.547773e-01	-1.233982e-01	0.000000e+00	6	9.821266e-03
4.800357e-01	1.267644e+00	5.577929e-01	6.468507e-01	1.123250e-01	2.422532e-02	-2.013455e-01	2.117214e-01	-1.787118e-01	-8.803257e-02	-2.763951e-01	1.282618e-01	4.283896e-01	-6.732998e-01	9.003872e-02	-2.359709e-01	-2.099189e-01	-2.326946e-01	-4.078765e-02	-1.288019e-01	0.000000e+00	6	7.308026e-02
9.400877e-01	1.036427e+00	3.932677e-01	1.233795e-01	3.911221e-01	4.474573e-01	-3.323109e-01	9.123987e-02	-1.316604e-01	1.640928e-01	-1.029837e-02	-2.935187e-01	1.096367e-03	-1.630289e-01	-3.128479e-01	1.116511e-01	2.596196e-01	-7.707048e-01	-2.670216e-02	-2.233170e-01	0.000000e+00	6	1.291061e-02
2.076809e-01	4.103110e+00	9.954277e-01	7.485487e-01	1.103794e-01	4.614048e-01	-1.213519e-01	3.154003e-01	-1.723650e-01	1.680632e-01	-1.959305e-01	-1.321419e+00	1.590011e-02	-2.940890e-01	2.101068e-02	1.204771e-01	-2.550744e-01	-1.228358e+00	-3.316776e-02	-1.172707e-01	0.000000e+00	6	1.171729e-01
4.693574e-01	1.375589e+00	9.299617e-01	8.192096e-01	1.114140e-01	3.962012e-01	-1.818519e-01	3.850253e-01	-5.713854e-01	-2.222060e-01	-2.530371e-03	5.213113e-02	-1.099814e-03	-2.763486e-01	-1.045110e-01	-7.870494e-02	1.409061e-01	-5.664890e-01	3.088197e-01	-1.909097e-01	0.000000e+00	6	3.367651e-02
1.931270e-01	4.903472e+00	8.782594e-01	6.564715e-01	1.082443e-01	3.435504e-01	1.165538e-01	2.253344e-01	-1.460375e-01	-5.866163e-01	6.091811e-03	-1.719216e+00	2.498070e-02	-8.744970e-01	1.088157e-01	-1.136465e-01	-6.482676e-02	-4.949199e-01	6.672257e-02	-1.515540e-01	0.000000e+00	6	6.268374e-02
1.901325e-01	4.991008e+00	1.211482e+00	1.386753e+00	1.094626e-01	6.771879e-01	-2.606905e-02	9.544891e-01	-4.910836e-02	-1.451878e-01	1.504588e-02	5.760907e-01	-3.915213e-02	1.222429e+00	-2.468897e-01	-1.447974e-01	-1.505636e-01	-9.916606e-01	-3.359289e-02	-3.251491e-01	0.000000e+00	6	1.811689e-02
1.900073e-01	5.167767e+00	1.182373e+00	6.564715e-01	1.082443e-01	6.476643e-01	1.165538e-01	2.253344e-01	-1.460375e-01	-5.866163e-01	6.091811e-03	-1.719216e+00	-1.425483e-01	-8.744970e-01	1.088157e-01	-1.136465e-01	-6.482676e-02	-4.949199e-01	6.672257e-02	-1.287179e-01	0.000000e+00	6	1.052566e-01
3.612079e-01	2.058303e+00	8.912303e-01	9.043232e-01	9.515610e-02	3.481386e-01	-1.839545e-01	4.816594e-01	-7.018928e-02	9.895827e-02	-9.509023e-02	-5.269817e-01	2.152775e-01	-2.810887e-01	-2.424661e-01	-1.653825e-02	3.043352e-01	-7.688365e-01	1.500687e-01	3.203172e-01	0.000000e+00	6	1.299674e-02
3.612079e-01	2.058303e+00	8.912303e-01	9.043232e-01	9.515610e-02	3.481386e-01	-1.839545e-01	4.816594e-01	-7.018928e-02	9.895827e-02	-9.509023e-02	-5.269817e-01	2.152775e-01	-2.810887e-01	-2.424661e-01	-1.653825e-02	3.043352e-01	-7.688365e-01	1.500687e-01	3.203172e-01	0.000000e+00	6	1.140563e-02
3.916867e-01	1.525026e+00	8.560286e-01	1.017932e+00	1.106437e-01	3.220771e-01	1.052360e-01	5.845224e-01	-1.843935e-01	-7.184190e-02	-1.113759e-01	3.874093e-01	-2.204271e-02	-2.752495e-01	2.976960e-01	-1.249396e-01	-1.413464e-01	8.235027e-02	3.486066e-01	-3.697136e-01	0.000000e+00	6	7.257538e-02
9.397100e-01	1.041250e+00	4.576472e-01	3.457538e-01	3.764177e-01	4.612351e-01	-5.558298e-01	3.085896e-01	-1.304022e-01	1.658309e-01	-2.302692e-01	-2.368796e-01	-2.503171e-03	-4.504782e-01	-9.772503e-02	1.214503e-01	-5.166734e-01	-3.912671e-01	-4.329232e-01	-1.173068e-01	0.000000e+00	6	6.648216e-02
2.696970e-01	2.594403e+00	1.130066e+00	1.123971e+00	8.981206e-02	5.815804e-01	-1.838771e-01	7.028227e-01	-4.910836e-02	-1.072250e-01	2.298443e-03	7.137356e-01	-9.275693e-04	-2.825352e-01	-2.468897e-01	-1.429886e-01	2.887440e-01	-6.752536e-01	-1.090576e-01	-3.697136e-01	0.000000e+00	6	3.705431e-02
3.169200e-01	2.256702e+00	1.021561e+00	9.477131e-01	2.934534e-02	3.646987e-01	-1.839545e-01	4.816594e-01	-7.018928e-02	9.895827e-02	-9.509023e-02	-4.234898e-01	2.140108e-01	-2.789127e-01	-2.424661e-01	-1.653825e-02	3.043352e-01	-7.688365e-01	1.459651e-01	3.203172e-01	0.000000e+00	6	3.336017e-02
2.834095e-01	2.261705e+00	3.854206e-01	1.275209e+00	1.123250e-01	-1.481470e-01	-2.003032e-01	8.400792e-01	-1.787118e-01	-8.803257e-02	1.000485e-01	3.208235e-01	9.931278e-02	-6.732998e-01	-2.379873e-01	-2.359709e-01	-2.099189e-01	-5.750821e-01	-4.078765e-02	-1.288019e-01	0.000000e+00	6	3.428360e-02
1.823146e-01	6.567048e+00	1.603183e+00	4.605293e-01	9.504915e-02	1.059994e+00	-2.598961e-01	3.790692e-02	-1.352126e-03	1.538095e+00	-1.315314e-01	-2.050408e-01	-5.447864e-04	-3.641839e-01	-6.058262e-02	-9.059025e-01	4.478278e-02	-1.259815e+00	1.672602e-01	3.453680e-01	0.000000e+00	6	1.114580e-01
9.496940e-01	8.834166e-01	4.384341e-01	5.164037e-01	3.966671e-01	5.060405e-01	-2.540124e-01	4.797954e-01	-9.735448e-02	3.913714e-01	-3.286606e-01	3.696777e-01	-9.275693e-04	-1.419651e-01	-2.791692e-01	-1.429886e-01	2.917353e-01	-8.028469e-01	1.500687e-01	-3.697136e-01	0.000000e+00	6	1.085919e-01
1.306279e+00	8.183580e-01	9.773507e-02	3.492527e-01	3.937942e-01	1.588005e-01	-1.917161e-01	3.154003e-01	-5.266700e-02	-2.477136e-01	-1.131818e-01	4.962276e-02	4.825776e-02	2.445803e-01	2.425394e-02	2.153980e-01	-8.993194e-01	-2.808389e-01	2.876467e-01	-1.244524e-01	0.000000e+00	6	1.080059e-01
2.531484e-01	2.981268e+00	1.226182e+00	1.166398e+00	8.935735e-02	6.771879e-01	-2.606905e-02	7.453270e-01	-4.910836e-02	-1.082003e-01	2.813782e-02	5.760907e-01	-1.752128e-02	-6.760150e-02	-2.468897e-01	-1.447974e-01	2.891203e-01	-9.916606e-01	-1.067493e-01	-3.251491e-01	0.000000e+00	6	3.143812e-02
2.534899e-01	2.709727e+00	1.160241e+00	1.159030e+00	9.057607e-02	6.125931e-01	-1.976241e-01	7.377335e-01	-6.978527e-02	-3.231947e-01	2.681625e-02	3.579169e-01	-1.782194e-02	-9.132349e-02	-2.738210e-01	-7.078081e-01	2.330774e-01	3.911032e-01	-1.033567e-01	-5.282359e-01	0.000000e+00	6	2.960460e-02
1.445343e-01	8.149592e+00	1.896617e+00	1.370118e+00	7.366135e-02	1.325809e+00	-1.976241e-01	9.468955e-01	-3.044461e-02	-2.102945e-01	3.093073e-03	-1.844822e+00	-9.275693e-04	-9.901089e-01	-2.358547e-01	4.200409e-01	-6.435347e-02	3.911032e-01	-3.020034e-02	-1.947248e-01	0.000000e+00	6	1.000000e+14
1.445343e-01	8.149592e+00	1.896617e+00	1.370118e+00	7.366135e-02	1.325809e+00	-1.976241e-01	9.468955e-01	-3.044461e-02	-2.102945e-01	3.093073e-03	-1.844822e+00	-9.275693e-04	-9.901089e-01	-2.358547e-01	4.200409e-01	-6.435347e-02	3.911032e-01	-3.020034e-02	-1.947248e-01	0.000000e+00	6	6.751979e-02
2.097141e-01	3.180000e+00	1.475914e+00	7.813223e-01	1.123250e-01	9.423462e-01	-1.133636e-01	3.461930e-01	-1.793308e-01	-8.802301e-02	-1.062313e-01	1.282618e-01	-1.155213e-03	9.989042e-02	-2.277433e-01	3.840206e-01	-2.099189e-01	-1.150206e+00	-4.078765e-02	-3.614404e-01	0.000000e+00	6	7.163698e-02
2.136343e-01	3.032954e+00	7.503440e-01	5.576218e-01	1.106814e-01	2.164024e-01	-1.976241e-01	1.241751e-01	-1.783737e-01	1.192072e-01	-1.210111e-02	3.148882e-01	-9.275693e-04	-3.835000e-01	-1.680898e-01	-9.479803e-01	-2.340936e-01	9.580922e-01	-2.687249e-02	2.746169e-01	0.000000e+00	6	2.420431e-02
2.086028e+00	5.169373e-01	1.108932e-01	3.473703e-01	3.907588e-01	1.640903e-01	-2.591095e-01	3.154003e-01	6.679700e-01	3.922067e-01	-1.131818e-01	5.003551e-02	1.759700e-01	2.445803e-01	2.425394e-02	-1.580355e-01	-8.993194e-01	-6.528889e-02	2.851619e-01	-1.233982e-01	0.000000e+00	6	1.000000e+14
1.832874e+00	6.020710e-01	4.043521e-01	3.412816e-01	3.921343e-01	4.612351e-01	-2.665722e-01	3.085896e-01	-9.052029e-01	3.873569e-01	-2.302692e-01	2.219214e-01	1.929311e-01	-2.574845e-01	-9.772503e-02	-1.089962e-01	-9.060328e-01	-4.819189e-01	1.745700e-01	-1.173327e-01	0.000000e+00	6	1.096906e-01
7.141643e-01	1.163118e+00	1.422611e-01	1.124614e+00	3.911221e-01	1.964507e-01	-2.591095e-01	1.092474e+00	-9.252486e-02	3.922067e-01	-1.446739e-01	1.881734e-01	-3.377737e-02	1.461952e-01	-3.911836e-01	-1.363085e-01	-3.012985e-01	-4.819189e-01	2.291144e-01	-1.074044e-01	0.000000e+00	6	1.332122e-01
1.688001e+00	6.266230e-01	4.070454e-01	3.701098e-01	3.911221e-01	4.612351e-01	-2.591095e-01	3.379701e-01	-5.858401e-01	3.922067e-01	-1.193858e-01	3.260816e-01	1.759700e-01	-2.350879e-01	1.268724e-01	-1.580355e-01	-8.993194e-01	-4.819189e-01	2.851619e-01	-1.233982e-01	0.000000e+00	6	1.378730e-01
1.413631e+00	7.660105e-01	9.145185e-02	3.492527e-01	3.937942e-01	1.525173e-01	-1.957130e-01	3.154003e-01	-3.855471e-01	-2.477136e-01	3.136903e-02	4.962276e-02	5.006129e-02	-5.813633e-02	2.425394e-02	2.072304e-01	-8.993194e-01	-2.808389e-01	2.948691e-01	-1.244524e-01	0.000000e+00	7	1.145019e-01
2.498874e+00	5.334065e-01	4.045884e-01	4.029719e-01	3.981058e-01	4.751329e-01	-1.654420e-01	3.646273e-01	9.589736e-01	3.922067e-01	-3.561609e-01	5.447255e-02	1.135986e-01	2.073892e-01	2.271270e-02	-1.578448e-01	2.654725e-01	-6.528889e-02	2.851619e-01	-1.306979e-01	0.000000e+00	7	5.028007e-02
3.551770e-01	2.271802e+00	7.229321e-01	6.837436e-01	9.547710e-02	1.801294e-01	2.110518e-01	2.609528e-01	-1.979513e-01	3.639857e-01	-3.919619e-03	-5.226109e-01	2.145662e-01	1.311465e-01	-2.543495e-01	-8.556117e-01	-1.698606e-01	4.081712e-01	-1.564379e-01	-4.239889e-01	0.000000e+00	7	4.765476e-02
2.405001e+00	5.334094e-01	1.108932e-01	3.473703e-01	3.907588e-01	1.640903e-01	-2.591095e-01	3.154003e-01	9.617301e-01	3.922067e-01	-1.131818e-01	5.003551e-02	1.759700e-01	2.445803e-01	1.916881e-01	5.306590e-02	-2.272524e-01	-6.528889e-02	2.851619e-01	-1.233982e-01	0.000000e+00	7	7.863861e-02
7.141643e-01	1.169767e+00	1.422611e-01	1.124614e+00	3.911221e-01	1.964507e-01	-2.591095e-01	1.092474e+00	-9.252486e-02	3.922067e-01	-1.446739e-01	5.259524e-02	-3.377737e-02	1.461952e-01	-3.911836e-01	-1.363085e-01	-3.012985e-01	-4.819189e-01	2.291144e-01	-1.074044e-01	0.000000e+00	7	6.272214e-02
2.112920e+00	5.590816e-01	1.108932e-01	3.473703e-01	3.907588e-01	1.640903e-01	-2.591095e-01	3.154003e-01	6.995821e-01	3.922067e-01	-1.131818e-01	-8.023007e-02	1.759700e-01	2.445803e-01	2.425394e-02	-1.580355e-01	-8.783748e-01	-6.528889e-02	2.851619e-01	-1.233982e-01	0.000000e+00	7	8.236393e-03
4.808939e-01	1.267644e+00	5.577929e-01	6.468507e-01	1.123250e-01	2.422532e-02	-2.013455e-01	2.117214e-01	-2.904480e-01	-8.803257e-02	-3.091889e-01	1.282618e-01	3.803976e-01	-6.732998e-01	9.003872e-02	-2.359709e-01	-2.099189e-01	-2.326946e-01	-4.078765e-02	-1.288019e-01	0.000000e+00	7	6.854662e-02
1.878210e+00	6.605295e-01	3.791600e-01	3.417916e-01	3.911221e-01	4.333496e-01	-1.930869e-01	3.096520e-01	-7.187807e-01	3.923275e-01	-1.193858e-01	-2.409878e-01	2.491465e-01	8.584751e-02	1.233173e-01	-1.587118e-01	-8.993194e-01	-4.262720e-01	2.955844e-01	-6.688877e-02	0.000000e+00	7	7.538490e-02
1.161914e+00	1.033974e+00	4.731422e-01	4.962501e-02	3.969039e-01	5.412479e-01	-2.591095e-01	1.274722e-02	-9.697882e-02	3.880808e-01	-1.446739e-01	-2.935187e-01	1.854962e-01	-1.630289e-01	-2.479152e-01	-1.363085e-01	2.572301e-01	-7.655862e-01	2.606834e-01	-1.095049e-01	0.000000e+00	7	2.710511e-02
1.723249e+00	6.786496e-01	1.108932e-01	3.781341e-01	3.907588e-01	1.640903e-01	-4.123376e-02	3.461641e-01	6.679700e-01	5.245785e-01	-1.131818e-01	3.906236e-01	1.415844e-01	-1.454488e-01	2.425394e-02	-3.595694e-01	2.821805e-01	-6.528889e-02	-1.827207e-02	-1.233982e-01	0.000000e+00	7	4.312989e-02
7.141643e-01	1.169767e+00	1.422611e-01	1.124614e+00	3.911221e-01	1.964507e-01	-2.591095e-01	1.092474e+00	-9.252486e-02	3.922067e-01	-1.446739e-01	5.259524e-02	-3.377737e-02	1.461952e-01	-3.911836e-01	-1.363085e-01	-3.012985e-01	-4.819189e-01	2.291144e-01	-1.074044e-01	0.000000e+00	7	4.653283e-02
1.631989e-01	8.284605e+00	8.077378e-01	1.720168e+00	3.882822e-02	1.699774e-01	-3.090059e-02	1.265915e+00	-1.783737e-01	1.192072e-01	-1.357001e-01	-1.799145e+00	-7.616262e-02	1.221006e+00	-2.358547e-01	3.917855e-01	-2.132081e-01	8.802165e-01	-2.687249e-02	2.679696e-01	0.000000e+00	7	1.731113e-02
2.326884e-01	3.121639e+00	5.758696e-01	8.447722e-01	1.340437e-01	3.656406e-02	-1.976241e-01	3.789909e-01	-8.395742e-02	9.353204e-02	-1.210111e-02	3.462917e-01	1.785398e-03	1.193454e+00	-1.680898e-01	-2.412085e-01	-1.633973e-01	-4.144801e-01	-5.170714e-02	-5.031014e-01	0.000000e+00	7	5.134719e-02
2.091887e+00	6.220183e-01	7.848875e-02	3.744311e-01	4.094752e-01	1.640903e-01	-2.591095e-01	3.140763e-01	6.679700e-01	3.922067e-01	-1.131818e-01	4.703979e-02	1.759700e-01	2.445803e-01	-1.920635e-01	-1.838218e-01	-8.330684e-01	-6.528889e-02	2.851619e-01	-1.233982e-01	0.000000e+00	7	1.002337e-02
4.367961e-01	1.828177e+00	1.322052e+00	6.657073e-01	9.648602e-02	7.801310e-01	-2.015965e-01	2.424907e-01	-1.761446e-01	1.195294e-01	7.936860e-02	3.462917e-01	1.707617e-01	-3.788128e-01	3.019293e-01	-2.384804e-01	2.883468e-01	-4.685156e-01	-4.848077e-02	-1.994504e-01	0.000000e+00	7	4.583775e-02
1.112279e+00	1.035645e+00	5.835172e-01	8.942356e-01	1.535186e-01	2.422532e-02	-2.446906e-01	3.917701e-01	3.938987e-01	-8.803257e-02	-6.411122e-01	-1.813879e-01	-5.319573e-02	-2.872053e-01	-3.024937e-01	-1.998664e-01	-1.314293e-01	-3.360072e-01	-3.304173e-01	-6.657274e-02	0.000000e+00	7	3.607644e-02
4.759323e-01	1.497233e+00	5.492543e-01	8.615672e-01	1.395871e-01	5.502066e-03	-1.839545e-01	3.859274e-01	-5.713854e-01	-2.216904e-01	3.552849e-02	-1.314242e-01	-9.275693e-04	-2.778107e-01	-6.356209e-02	-1.429886e-01	3.415586e-01	-8.028469e-01	1.608151e-01	-1.909640e-01	0.000000e+00	7	4.478415e-02
2.997354e-01	2.489222e+00	8.456530e-01	1.170378e+00	1.106442e-01	3.117016e-01	-4.204465e-02	7.369680e-01	-1.901202e-01	-1.360995e-02	3.731657e-02	3.792139e-01	-1.864688e-02	-4.513165e-01	-2.746080e-01	-1.152387e-01	3.156475e-01	-9.422696e-01	-8.856881e-03	-3.378710e-01	0.000000e+00	7	5.085123e-02
2.998652e-01	2.406398e+00	8.560285e-01	1.179121e+00	1.106442e-01	3.220771e-01	-4.160445e-02	7.457117e-01	-1.901202e-01	-1.504134e-02	3.731657e-02	3.926962e-01	-1.765551e-02	-9.833295e-02	-2.746080e-01	-1.152387e-01	3.156475e-01	-9.905055e-01	-8.856881e-03	-2.021224e-01	0.000000e+00	7	2.501835e-02
1.907572e-01	5.058691e+00	8.782594e-01	6.564715e-01	1.082443e-01	3.435504e-01	1.165538e-01	2.253344e-01	-5.080310e-02	-5.866163e-01	6.091811e-03	-1.719216e+00	2.498070e-02	-8.744970e-01	1.088157e-01	-1.136465e-01	-6.482676e-02	-6.539284e-01	6.672257e-02	-1.515540e-01	0.000000e+00	7	2.642169e-02
1.907572e-01	5.058691e+00	8.782594e-01	6.564715e-01	1.082443e-01	3.435504e-01	1.165538e-01	2.253344e-01	-5.080310e-02	-5.866163e-01	6.091811e-03	-1.719216e+00	2.498070e-02	-8.744970e-01	1.088157e-01	-1.136465e-01	-6.482676e-02	-6.539284e-01	6.672257e-02	-1.515540e-01	0.000000e+00	7	1.668220e-01
1.907572e-01	5.058691e+00	8.782594e-01	6.564715e-01	1.082443e-01	3.435504e-01	1.165538e-01	2.253344e-01	-5.080310e-02	-5.866163e-01	6.091811e-03	-1.719216e+00	2.498070e-02	-8.744970e-01	1.088157e-01	-1.136465e-01	-6.482676e-02	-6.539284e-01	6.672257e-02	-1.515540e-01	0.000000e+00	7	4.005716e-03
3.929118e-01	1.953241e+00	7.235404e-01	6.834829e-01	9.480652e-02	1.801294e-01	2.173855e-01	2.609528e-01	-1.924676e-01	-1.389364e-01	-5.328375e-02	-5.226109e-01	-3.837160e-02	1.311465e-01	2.959770e-01	5.855332e-01	-2.466794e-01	4.081712e-01	-1.942044e-01	2.524569e-01	0.000000e+00	7	4.476321e-02
7.141643e-01	1.169767e+00	1.422611e-01	1.124614e+00	3.911221e-01	1.964507e-01	-2.591095e-01	1.092474e+00	-9.252486e-02	3.922067e-01	-1.446739e-01	5.259524e-02	-3.377737e-02	1.461952e-01	-3.911836e-01	-1.363085e-01	-3.012985e-01	-4.819189e-01	2.291144e-01	-1.074044e-01	0.000000e+00	7	5.520750e-03
9.970906e-01	1.083777e+00	7.364639e-01	3.869981e-01	3.908852e-01	7.900079e-01	-2.540124e-01	3.549708e-01	-8.235790e-02	3.913714e-01	-3.286606e-01	3.696777e-01	-8.170797e-02	-1.419651e-01	-5.435620e-01	-7.935045e-02	2.932987e-01	-8.075658e-01	1.500687e-01	-3.697136e-01	0.000000e+00	7	8.802696e-02
2.207933e-01	3.752534e+00	1.571429e+00	1.380342e+00	1.106814e-01	1.037487e+00	-1.840039e-01	9.468955e-01	-6.978527e-02	-2.971624e-01	1.372431e-02	3.579169e-01	1.569273e-03	-3.511688e-01	-2.436928e-01	-7.078081e-01	-2.066064e-01	3.911032e-01	-2.588773e-02	-5.282359e-01	0.000000e+00	7	1.023003e-01
1.688001e+00	7.413222e-01	4.070454e-01	3.434217e-01	3.911221e-01	4.612351e-01	-2.591095e-01	3.112821e-01	-5.858401e-01	3.922067e-01	-1.193858e-01	-2.409878e-01	1.759700e-01	-2.350879e-01	1.268724e-01	-1.580355e-01	-8.993194e-01	-4.819189e-01	2.851619e-01	-1.233982e-01	0.000000e+00	7	1.184252e-02
1.688001e+00	7.413222e-01	4.070454e-01	3.434217e-01	3.911221e-01	4.612351e-01	-2.591095e-01	3.112821e-01	-5.858401e-01	3.922067e-01	-1.193858e-01	-2.409878e-01	1.759700e-01	-2.350879e-01	1.268724e-01	-1.580355e-01	-8.993194e-01	-4.819189e-01	2.851619e-01	-1.233982e-01	0.000000e+00	7	8.443425e-03
2.651755e+00	5.169373e-01	1.108932e-01	3.473703e-01	3.907588e-01	1.640903e-01	-2.591095e-01	3.154003e-01	9.617301e-01	3.922067e-01	-1.131818e-01	5.003551e-02	1.759700e-01	2.445803e-01	2.425394e-02	-1.580355e-01	-8.993194e-01	-6.528889e-02	2.851619e-01	-1.233982e-01	0.000000e+00	7	1.057363e-03
2.651755e+00	5.169373e-01	1.108932e-01	3.473703e-01	3.907588e-01	1.640903e-01	-2.591095e-01	3.154003e-01	9.617301e-01	3.922067e-01	-1.131818e-01	5.003551e-02	1.759700e-01	2.445803e-01	2.425394e-02	-1.580355e-01	-8.993194e-01	-6.528889e-02	2.851619e-01	-1.233982e-01	0.000000e+00	7	1.000000e+14
2.108379e-01	4.647153e+00	1.146535e+00	1.380342e+00	1.106814e-01	6.125931e-01	-1.976241e-01	9.468955e-01	-6.978527e-02	-4.706784e-01	1.372431e-02	1.827165e-01	1.569273e-03	1.198714e+00	-2.738210e-01	-7.078081e-01	-1.221201e-01	3.911032e-01	-3.020034e-02	-5.282359e-01	0.000000e+00	7	3.042740e-02
2.563989e-01	3.063392e+00	7.036583e-01	8.581175e-01	1.388431e-01	1.605663e-01	-9.552498e-02	3.838363e-01	-8.963559e-02	-7.164208e-02	-9.502351e-02	-1.135220e+00	-1.328515e-01	-1.717062e-01	5.436974e-02	-9.022170e-01	-1.573620e-01	4.125338e-01	3.334448e-01	3.496856e-01	0.000000e+00	7	5.397728e-02
2.108379e-01	4.647153e+00	1.146535e+00	1.380342e+00	1.106814e-01	6.125931e-01	-1.976241e-01	9.468955e-01	-6.978527e-02	-4.706784e-01	1.372431e-02	1.827165e-01	1.569273e-03	1.198714e+00	-2.738210e-01	-7.078081e-01	-1.221201e-01	3.911032e-01	-3.020034e-02	-5.282359e-01	0.000000e+00	7	5.942255e-02
1.688001e+00	7.413222e-01	4.070454e-01	3.434217e-01	3.911221e-01	4.612351e-01	-2.591095e-01	3.112821e-01	-5.858401e-01	3.922067e-01	-1.193858e-01	-2.409878e-01	1.759700e-01	-2.350879e-01	1.268724e-01	-1.580355e-01	-8.993194e-01	-4.819189e-01	2.851619e-01	-1.233982e-01	0.000000e+00	7	0.000000e+00
2.086028e+00	6.316483e-01	1.108932e-01	3.473703e-01	3.907588e-01	1.640903e-01	-2.591095e-01	3.154003e-01	6.679700e-01	3.922067e-01	-1.131818e-01	5.003551e-02	1.759700e-01	2.445803e-01	2.425394e-02	-4.366634e-01	-8.993194e-01	-6.528889e-02	2.851619e-01	-1.233982e-01	0.000000e+00	7	4.509687e-02
2.112920e+00	5.590816e-01	1.108932e-01	3.473703e-01	3.907588e-01	1.640903e-01	-2.591095e-01	3.154003e-01	6.995821e-01	3.922067e-01	-1.131818e-01	-8.023007e-02	1.759700e-01	2.445803e-01	2.425394e-02	-1.580355e-01	-8.783748e-01	-6.528889e-02	2.851619e-01	-1.233982e-01	0.000000e+00	7	5.991270e-02
1.161914e+00	1.033974e+00	4.731422e-01	4.962501e-02	3.969039e-01	5.412479e-01	-2.591095e-01	1.274722e-02	-9.697882e-02	3.880808e-01	-1.446739e-01	-2.935187e-01	1.854962e-01	-1.630289e-01	-2.479152e-01	-1.363085e-01	2.572301e-01	-7.655862e-01	2.606834e-01	-1.095049e-01	0.000000e+00	7	5.031978e-02
1.452412e-01	8.304811e+00	1.971859e+00	1.378752e+00	7.366135e-02	1.401051e+00	-1.976241e-01	9.555300e-01	-7.105500e-02	-5.858262e-01	3.093073e-03	-1.695388e+00	-9.275693e-04	-9.901089e-01	-2.358547e-01	4.200409e-01	-6.435347e-02	5.391029e-01	-3.112952e-02	-1.947248e-01	0.000000e+00	7	1.000000e+14
1.648805e+00	7.633194e-01	4.070454e-01	4.242135e-01	3.911221e-01	4.612351e-01	-1.415915e-01	3.920739e-01	-5.858401e-01	1.620312e-01	-1.193858e-01	-2.786677e-01	1.759700e-01	-2.350879e-01	1.268724e-01	-1.580355e-01	-8.993194e-01	-4.819189e-01	2.851619e-01	-1.233982e-01	0.000000e+00	7	5.631653e-02
1.723387e-01	8.119370e+00	8.904730e-01	1.515084e+00	1.011622e-01	3.521056e-01	-3.596876e-02	1.089367e+00	-1.001175e-01	-3.218944e-01	-4.398945e-02	-1.797620e+00	8.576176e-02	-8.837979e-01	8.264105e-02	-7.695575e-01	-1.761148e-01	-5.439329e-01	-4.216036e-02	-1.294449e+00	0.000000e+00	7	3.080770e-02
1.753426e-01	7.648851e+00	1.683304e+00	1.679848e+00	9.810806e-02	1.142716e+00	-6.665685e-02	1.255863e+00	-1.008631e-01	-2.243612e-01	2.126917e-02	-1.739710e+00	7.888367e-02	-4.655953e-01	-1.128616e-01	-8.566498e-01	-2.198845e-01	3.911032e-01	5.403814e-02	3.273275e-01	0.000000e+00	7	2.547342e-03
1.723387e-01	8.119370e+00	8.904730e-01	1.515084e+00	1.011622e-01	3.521056e-01	-3.596876e-02	1.089367e+00	-1.001175e-01	-3.218944e-01	-4.398945e-02	-1.797620e+00	8.576176e-02	-8.837979e-01	8.264105e-02	-7.695575e-01	-1.761148e-01	-5.439329e-01	-4.216036e-02	-1.294449e+00	0.000000e+00	7	1.243170e-02
1.766317e-01	7.613179e+00	1.552254e+00	1.528812e+00	1.011622e-01	1.013886e+00	-1.010866e-01	1.103095e+00	-1.107281e-01	-5.783437e-01	-2.364214e-03	-1.798212e+00	-2.074019e-03	-7.982018e-01	1.096549e-01	-7.695575e-01	9.248760e-02	-5.435574e-01	1.683679e-01	-2.313697e-01	0.000000e+00	7	1.693693e-01
1.753426e-01	7.648851e+00	1.683304e+00	1.679848e+00	9.810806e-02	1.142716e+00	-6.665685e-02	1.255863e+00	-1.008631e-01	-2.243612e-01	2.126917e-02	-1.739710e+00	7.888367e-02	-4.655953e-01	-1.128616e-01	-8.566498e-01	-2.198845e-01	3.911032e-01	5.403814e-02	3.273275e-01	0.000000e+00	7	3.080770e-02
2.651755e+00	5.334094e-01	1.108932e-01	3.473703e-01	3.907588e-01	1.640903e-01	-2.591095e-01	3.154003e-01	9.617301e-01	3.922067e-01	-1.131818e-01	5.003551e-02	1.759700e-01	2.445803e-01	2.425394e-02	5.306590e-02	-8.993194e-01	-6.528889e-02	2.851619e-01	-1.233982e-01	0.000000e+00	8	1.000000e+14
